2016-12-06 10:34:06,513  INFO  org.apache.spark.SparkContext - logInfo: Running Spark version 1.6.0
2016-12-06 10:34:07,638  INFO  org.apache.spark.SecurityManager - logInfo: Changing view acls to: root
2016-12-06 10:34:07,655  INFO  org.apache.spark.SecurityManager - logInfo: Changing modify acls to: root
2016-12-06 10:34:07,657  INFO  org.apache.spark.SecurityManager - logInfo: SecurityManager: authentication disabled; ui acls disabled; users with view permissions: Set(root); users with modify permissions: Set(root)
2016-12-06 10:34:08,055  INFO  org.apache.spark.util.Utils - logInfo: Successfully started service 'sparkDriver' on port 51279.
2016-12-06 10:34:08,643  INFO  akka.event.slf4j.Slf4jLogger - applyOrElse: Slf4jLogger started
2016-12-06 10:34:08,726  INFO  Remoting - apply$mcV$sp: Starting remoting
2016-12-06 10:34:08,967  INFO  Remoting - apply$mcV$sp: Remoting started; listening on addresses :[akka.tcp://sparkDriverActorSystem@172.31.18.13:3675]
2016-12-06 10:34:08,970  INFO  Remoting - apply$mcV$sp: Remoting now listens on addresses: [akka.tcp://sparkDriverActorSystem@172.31.18.13:3675]
2016-12-06 10:34:08,982  INFO  org.apache.spark.util.Utils - logInfo: Successfully started service 'sparkDriverActorSystem' on port 3675.
2016-12-06 10:34:09,015  INFO  org.apache.spark.SparkEnv - logInfo: Registering MapOutputTracker
2016-12-06 10:34:09,047  INFO  org.apache.spark.SparkEnv - logInfo: Registering BlockManagerMaster
2016-12-06 10:34:09,072  INFO  org.apache.spark.storage.DiskBlockManager - logInfo: Created local directory at /tmp/blockmgr-9fa1f458-618c-4742-a462-e802d0f55274
2016-12-06 10:34:09,095  INFO  org.apache.spark.storage.MemoryStore - logInfo: MemoryStore started with capacity 530.0 MB
2016-12-06 10:34:09,238  INFO  org.apache.spark.SparkEnv - logInfo: Registering OutputCommitCoordinator
2016-12-06 10:34:09,519  INFO  org.spark-project.jetty.server.Server - doStart: jetty-8.y.z-SNAPSHOT
2016-12-06 10:34:09,604  INFO  org.spark-project.jetty.server.AbstractConnector - doStart: Started SelectChannelConnector@0.0.0.0:4040
2016-12-06 10:34:09,605  INFO  org.apache.spark.util.Utils - logInfo: Successfully started service 'SparkUI' on port 4040.
2016-12-06 10:34:09,608  INFO  org.apache.spark.ui.SparkUI - logInfo: Started SparkUI at http://172.31.18.13:4040
2016-12-06 10:34:09,633  INFO  org.apache.spark.SparkContext - logInfo: Added JAR file:/opt/whsh/k-means/lib/mysql-connector-java-5.1.25.jar at spark://172.31.18.13:51279/jars/mysql-connector-java-5.1.25.jar with timestamp 1480991649632
2016-12-06 10:34:09,633  INFO  org.apache.spark.SparkContext - logInfo: Added JAR file:/opt/whsh/k-means/lib/ojdbc6.jar at spark://172.31.18.13:51279/jars/ojdbc6.jar with timestamp 1480991649633
2016-12-06 10:34:09,633  INFO  org.apache.spark.SparkContext - logInfo: Added JAR file:/opt/whsh/k-means/lib/orai18n.jar at spark://172.31.18.13:51279/jars/orai18n.jar with timestamp 1480991649633
2016-12-06 10:34:09,633  INFO  org.apache.spark.SparkContext - logInfo: Added JAR file:/opt/whsh/k-means/lib/sequoiadb-1.jar at spark://172.31.18.13:51279/jars/sequoiadb-1.jar with timestamp 1480991649633
2016-12-06 10:34:09,634  INFO  org.apache.spark.SparkContext - logInfo: Added JAR file:/opt/whsh/k-means/lib/spark-sequoiadb-2.10-1.12.jar at spark://172.31.18.13:51279/jars/spark-sequoiadb-2.10-1.12.jar with timestamp 1480991649634
2016-12-06 10:34:09,634  INFO  org.apache.spark.SparkContext - logInfo: Added JAR file:/opt/whsh/k-means/machine_learning.jar at spark://172.31.18.13:51279/jars/machine_learning.jar with timestamp 1480991649634
2016-12-06 10:34:09,763  INFO  org.apache.spark.util.Utils - logInfo: Copying /opt/whsh/k-means/config/core-site.xml to /tmp/spark-52e1db3e-014e-46a3-adcc-0aa1be61a96b/userFiles-1798bcbe-939e-49aa-a971-1d8dad693f81/core-site.xml
2016-12-06 10:34:09,781  INFO  org.apache.spark.SparkContext - logInfo: Added file file:/opt/whsh/k-means/config/core-site.xml at file:/opt/whsh/k-means/config/core-site.xml with timestamp 1480991649762
2016-12-06 10:34:09,782  INFO  org.apache.spark.util.Utils - logInfo: Copying /opt/whsh/k-means/config/hdfs-site.xml to /tmp/spark-52e1db3e-014e-46a3-adcc-0aa1be61a96b/userFiles-1798bcbe-939e-49aa-a971-1d8dad693f81/hdfs-site.xml
2016-12-06 10:34:09,786  INFO  org.apache.spark.SparkContext - logInfo: Added file file:/opt/whsh/k-means/config/hdfs-site.xml at file:/opt/whsh/k-means/config/hdfs-site.xml with timestamp 1480991649782
2016-12-06 10:34:09,787  INFO  org.apache.spark.util.Utils - logInfo: Copying /opt/whsh/k-means/config/hive-site.xml to /tmp/spark-52e1db3e-014e-46a3-adcc-0aa1be61a96b/userFiles-1798bcbe-939e-49aa-a971-1d8dad693f81/hive-site.xml
2016-12-06 10:34:09,791  INFO  org.apache.spark.SparkContext - logInfo: Added file file:/opt/whsh/k-means/config/hive-site.xml at file:/opt/whsh/k-means/config/hive-site.xml with timestamp 1480991649787
2016-12-06 10:34:09,792  INFO  org.apache.spark.util.Utils - logInfo: Copying /opt/whsh/k-means/config/log4j.properties to /tmp/spark-52e1db3e-014e-46a3-adcc-0aa1be61a96b/userFiles-1798bcbe-939e-49aa-a971-1d8dad693f81/log4j.properties
2016-12-06 10:34:09,796  INFO  org.apache.spark.SparkContext - logInfo: Added file file:/opt/whsh/k-means/config/log4j.properties at file:/opt/whsh/k-means/config/log4j.properties with timestamp 1480991649792
2016-12-06 10:34:09,856  INFO  org.apache.spark.executor.Executor - logInfo: Starting executor ID driver on host localhost
2016-12-06 10:34:09,876  INFO  org.apache.spark.util.Utils - logInfo: Successfully started service 'org.apache.spark.network.netty.NettyBlockTransferService' on port 4679.
2016-12-06 10:34:09,877  INFO  org.apache.spark.network.netty.NettyBlockTransferService - logInfo: Server created on 4679
2016-12-06 10:34:09,880  INFO  org.apache.spark.storage.BlockManager - logInfo: external shuffle service port = 7337
2016-12-06 10:34:09,881  INFO  org.apache.spark.storage.BlockManagerMaster - logInfo: Trying to register BlockManager
2016-12-06 10:34:09,883  INFO  org.apache.spark.storage.BlockManagerMasterEndpoint - logInfo: Registering block manager localhost:4679 with 530.0 MB RAM, BlockManagerId(driver, localhost, 4679)
2016-12-06 10:34:09,885  INFO  org.apache.spark.storage.BlockManagerMaster - logInfo: Registered BlockManager
2016-12-06 10:34:11,141  INFO  org.apache.spark.scheduler.EventLoggingListener - logInfo: Logging events to hdfs://nameservice1/user/spark/applicationHistory/local-1480991649830
2016-12-06 10:34:11,595  INFO  org.apache.spark.storage.MemoryStore - logInfo: Block broadcast_0 stored as values in memory (estimated size 276.9 KB, free 276.9 KB)
2016-12-06 10:34:12,007  INFO  org.apache.spark.storage.MemoryStore - logInfo: Block broadcast_0_piece0 stored as bytes in memory (estimated size 24.0 KB, free 300.9 KB)
2016-12-06 10:34:12,012  INFO  org.apache.spark.storage.BlockManagerInfo - logInfo: Added broadcast_0_piece0 in memory on localhost:4679 (size: 24.0 KB, free: 530.0 MB)
2016-12-06 10:34:12,017  INFO  org.apache.spark.SparkContext - logInfo: Created broadcast 0 from textFile at MLUtils.scala:71
2016-12-06 10:34:12,196  INFO  org.apache.hadoop.mapred.FileInputFormat - listStatus: Total input paths to process : 1
2016-12-06 10:34:12,217  INFO  org.apache.spark.SparkContext - logInfo: Starting job: reduce at MLUtils.scala:105
2016-12-06 10:34:12,252  INFO  org.apache.spark.scheduler.DAGScheduler - logInfo: Got job 0 (reduce at MLUtils.scala:105) with 2 output partitions
2016-12-06 10:34:12,253  INFO  org.apache.spark.scheduler.DAGScheduler - logInfo: Final stage: ResultStage 0 (reduce at MLUtils.scala:105)
2016-12-06 10:34:12,254  INFO  org.apache.spark.scheduler.DAGScheduler - logInfo: Parents of final stage: List()
2016-12-06 10:34:12,262  INFO  org.apache.spark.scheduler.DAGScheduler - logInfo: Missing parents: List()
2016-12-06 10:34:12,273  INFO  org.apache.spark.scheduler.DAGScheduler - logInfo: Submitting ResultStage 0 (MapPartitionsRDD[5] at map at MLUtils.scala:103), which has no missing parents
2016-12-06 10:34:12,324  INFO  org.apache.spark.storage.MemoryStore - logInfo: Block broadcast_1 stored as values in memory (estimated size 3.8 KB, free 304.7 KB)
2016-12-06 10:34:12,344  INFO  org.apache.spark.storage.MemoryStore - logInfo: Block broadcast_1_piece0 stored as bytes in memory (estimated size 2.1 KB, free 306.8 KB)
2016-12-06 10:34:12,344  INFO  org.apache.spark.storage.BlockManagerInfo - logInfo: Added broadcast_1_piece0 in memory on localhost:4679 (size: 2.1 KB, free: 530.0 MB)
2016-12-06 10:34:12,345  INFO  org.apache.spark.SparkContext - logInfo: Created broadcast 1 from broadcast at DAGScheduler.scala:1006
2016-12-06 10:34:12,348  INFO  org.apache.spark.scheduler.DAGScheduler - logInfo: Submitting 2 missing tasks from ResultStage 0 (MapPartitionsRDD[5] at map at MLUtils.scala:103)
2016-12-06 10:34:12,350  INFO  org.apache.spark.scheduler.TaskSchedulerImpl - logInfo: Adding task set 0.0 with 2 tasks
2016-12-06 10:34:12,410  INFO  org.apache.spark.scheduler.TaskSetManager - logInfo: Starting task 0.0 in stage 0.0 (TID 0, localhost, partition 0,PROCESS_LOCAL, 2733 bytes)
2016-12-06 10:34:12,414  INFO  org.apache.spark.scheduler.TaskSetManager - logInfo: Starting task 1.0 in stage 0.0 (TID 1, localhost, partition 1,PROCESS_LOCAL, 2733 bytes)
2016-12-06 10:34:12,428  INFO  org.apache.spark.executor.Executor - logInfo: Running task 1.0 in stage 0.0 (TID 1)
2016-12-06 10:34:12,428  INFO  org.apache.spark.executor.Executor - logInfo: Running task 0.0 in stage 0.0 (TID 0)
2016-12-06 10:34:12,439  INFO  org.apache.spark.executor.Executor - logInfo: Fetching file:/opt/whsh/k-means/config/hdfs-site.xml with timestamp 1480991649782
2016-12-06 10:34:12,440  INFO  org.apache.spark.ExecutorAllocationManager - logInfo: New executor driver has registered (new total is 1)
2016-12-06 10:34:12,463  INFO  org.apache.spark.util.Utils - logInfo: /opt/whsh/k-means/config/hdfs-site.xml has been previously copied to /tmp/spark-52e1db3e-014e-46a3-adcc-0aa1be61a96b/userFiles-1798bcbe-939e-49aa-a971-1d8dad693f81/hdfs-site.xml
2016-12-06 10:34:12,468  INFO  org.apache.spark.executor.Executor - logInfo: Fetching file:/opt/whsh/k-means/config/hive-site.xml with timestamp 1480991649787
2016-12-06 10:34:12,469  INFO  org.apache.spark.util.Utils - logInfo: /opt/whsh/k-means/config/hive-site.xml has been previously copied to /tmp/spark-52e1db3e-014e-46a3-adcc-0aa1be61a96b/userFiles-1798bcbe-939e-49aa-a971-1d8dad693f81/hive-site.xml
2016-12-06 10:34:12,475  INFO  org.apache.spark.executor.Executor - logInfo: Fetching file:/opt/whsh/k-means/config/log4j.properties with timestamp 1480991649792
2016-12-06 10:34:12,476  INFO  org.apache.spark.util.Utils - logInfo: /opt/whsh/k-means/config/log4j.properties has been previously copied to /tmp/spark-52e1db3e-014e-46a3-adcc-0aa1be61a96b/userFiles-1798bcbe-939e-49aa-a971-1d8dad693f81/log4j.properties
2016-12-06 10:34:12,482  INFO  org.apache.spark.executor.Executor - logInfo: Fetching file:/opt/whsh/k-means/config/core-site.xml with timestamp 1480991649762
2016-12-06 10:34:12,483  INFO  org.apache.spark.util.Utils - logInfo: /opt/whsh/k-means/config/core-site.xml has been previously copied to /tmp/spark-52e1db3e-014e-46a3-adcc-0aa1be61a96b/userFiles-1798bcbe-939e-49aa-a971-1d8dad693f81/core-site.xml
2016-12-06 10:34:12,491  INFO  org.apache.spark.executor.Executor - logInfo: Fetching spark://172.31.18.13:51279/jars/machine_learning.jar with timestamp 1480991649634
2016-12-06 10:34:12,542  INFO  org.apache.spark.util.Utils - logInfo: Fetching spark://172.31.18.13:51279/jars/machine_learning.jar to /tmp/spark-52e1db3e-014e-46a3-adcc-0aa1be61a96b/userFiles-1798bcbe-939e-49aa-a971-1d8dad693f81/fetchFileTemp712127383499657282.tmp
2016-12-06 10:34:12,938  INFO  org.apache.spark.executor.Executor - logInfo: Adding file:/tmp/spark-52e1db3e-014e-46a3-adcc-0aa1be61a96b/userFiles-1798bcbe-939e-49aa-a971-1d8dad693f81/machine_learning.jar to class loader
2016-12-06 10:34:12,938  INFO  org.apache.spark.executor.Executor - logInfo: Fetching spark://172.31.18.13:51279/jars/mysql-connector-java-5.1.25.jar with timestamp 1480991649632
2016-12-06 10:34:12,940  INFO  org.apache.spark.util.Utils - logInfo: Fetching spark://172.31.18.13:51279/jars/mysql-connector-java-5.1.25.jar to /tmp/spark-52e1db3e-014e-46a3-adcc-0aa1be61a96b/userFiles-1798bcbe-939e-49aa-a971-1d8dad693f81/fetchFileTemp6124399295791909072.tmp
2016-12-06 10:34:12,952  INFO  org.apache.spark.executor.Executor - logInfo: Adding file:/tmp/spark-52e1db3e-014e-46a3-adcc-0aa1be61a96b/userFiles-1798bcbe-939e-49aa-a971-1d8dad693f81/mysql-connector-java-5.1.25.jar to class loader
2016-12-06 10:34:12,952  INFO  org.apache.spark.executor.Executor - logInfo: Fetching spark://172.31.18.13:51279/jars/ojdbc6.jar with timestamp 1480991649633
2016-12-06 10:34:12,952  INFO  org.apache.spark.util.Utils - logInfo: Fetching spark://172.31.18.13:51279/jars/ojdbc6.jar to /tmp/spark-52e1db3e-014e-46a3-adcc-0aa1be61a96b/userFiles-1798bcbe-939e-49aa-a971-1d8dad693f81/fetchFileTemp6737736159008996560.tmp
2016-12-06 10:34:12,969  INFO  org.apache.spark.executor.Executor - logInfo: Adding file:/tmp/spark-52e1db3e-014e-46a3-adcc-0aa1be61a96b/userFiles-1798bcbe-939e-49aa-a971-1d8dad693f81/ojdbc6.jar to class loader
2016-12-06 10:34:12,969  INFO  org.apache.spark.executor.Executor - logInfo: Fetching spark://172.31.18.13:51279/jars/orai18n.jar with timestamp 1480991649633
2016-12-06 10:34:12,970  INFO  org.apache.spark.util.Utils - logInfo: Fetching spark://172.31.18.13:51279/jars/orai18n.jar to /tmp/spark-52e1db3e-014e-46a3-adcc-0aa1be61a96b/userFiles-1798bcbe-939e-49aa-a971-1d8dad693f81/fetchFileTemp2455409125720150242.tmp
2016-12-06 10:34:12,982  INFO  org.apache.spark.executor.Executor - logInfo: Adding file:/tmp/spark-52e1db3e-014e-46a3-adcc-0aa1be61a96b/userFiles-1798bcbe-939e-49aa-a971-1d8dad693f81/orai18n.jar to class loader
2016-12-06 10:34:12,982  INFO  org.apache.spark.executor.Executor - logInfo: Fetching spark://172.31.18.13:51279/jars/sequoiadb-1.jar with timestamp 1480991649633
2016-12-06 10:34:12,982  INFO  org.apache.spark.util.Utils - logInfo: Fetching spark://172.31.18.13:51279/jars/sequoiadb-1.jar to /tmp/spark-52e1db3e-014e-46a3-adcc-0aa1be61a96b/userFiles-1798bcbe-939e-49aa-a971-1d8dad693f81/fetchFileTemp7457800766984736790.tmp
2016-12-06 10:34:12,990  INFO  org.apache.spark.executor.Executor - logInfo: Adding file:/tmp/spark-52e1db3e-014e-46a3-adcc-0aa1be61a96b/userFiles-1798bcbe-939e-49aa-a971-1d8dad693f81/sequoiadb-1.jar to class loader
2016-12-06 10:34:12,990  INFO  org.apache.spark.executor.Executor - logInfo: Fetching spark://172.31.18.13:51279/jars/spark-sequoiadb-2.10-1.12.jar with timestamp 1480991649634
2016-12-06 10:34:12,991  INFO  org.apache.spark.util.Utils - logInfo: Fetching spark://172.31.18.13:51279/jars/spark-sequoiadb-2.10-1.12.jar to /tmp/spark-52e1db3e-014e-46a3-adcc-0aa1be61a96b/userFiles-1798bcbe-939e-49aa-a971-1d8dad693f81/fetchFileTemp469125242313175763.tmp
2016-12-06 10:34:12,998  INFO  org.apache.spark.executor.Executor - logInfo: Adding file:/tmp/spark-52e1db3e-014e-46a3-adcc-0aa1be61a96b/userFiles-1798bcbe-939e-49aa-a971-1d8dad693f81/spark-sequoiadb-2.10-1.12.jar to class loader
2016-12-06 10:34:13,059  INFO  org.apache.spark.CacheManager - logInfo: Partition rdd_4_1 not found, computing it
2016-12-06 10:34:13,059  INFO  org.apache.spark.CacheManager - logInfo: Partition rdd_4_0 not found, computing it
2016-12-06 10:34:13,067  INFO  org.apache.spark.rdd.HadoopRDD - logInfo: Input split: file:/opt/whsh/data/mllib/sample_libsvm_data.txt:0+52368
2016-12-06 10:34:13,067  INFO  org.apache.spark.rdd.HadoopRDD - logInfo: Input split: file:/opt/whsh/data/mllib/sample_libsvm_data.txt:52368+52368
2016-12-06 10:34:13,093  INFO  org.apache.hadoop.conf.Configuration.deprecation - warnOnceIfDeprecated: mapred.tip.id is deprecated. Instead, use mapreduce.task.id
2016-12-06 10:34:13,094  INFO  org.apache.hadoop.conf.Configuration.deprecation - warnOnceIfDeprecated: mapred.task.id is deprecated. Instead, use mapreduce.task.attempt.id
2016-12-06 10:34:13,094  INFO  org.apache.hadoop.conf.Configuration.deprecation - warnOnceIfDeprecated: mapred.task.is.map is deprecated. Instead, use mapreduce.task.ismap
2016-12-06 10:34:13,094  INFO  org.apache.hadoop.conf.Configuration.deprecation - warnOnceIfDeprecated: mapred.task.partition is deprecated. Instead, use mapreduce.task.partition
2016-12-06 10:34:13,094  INFO  org.apache.hadoop.conf.Configuration.deprecation - warnOnceIfDeprecated: mapred.job.id is deprecated. Instead, use mapreduce.job.id
2016-12-06 10:34:13,205  INFO  org.apache.spark.storage.MemoryStore - logInfo: Block rdd_4_1 stored as values in memory (estimated size 83.1 KB, free 389.9 KB)
2016-12-06 10:34:13,206  INFO  org.apache.spark.storage.MemoryStore - logInfo: Block rdd_4_0 stored as values in memory (estimated size 83.6 KB, free 473.5 KB)
2016-12-06 10:34:13,206  INFO  org.apache.spark.storage.BlockManagerInfo - logInfo: Added rdd_4_1 in memory on localhost:4679 (size: 83.1 KB, free: 529.9 MB)
2016-12-06 10:34:13,207  INFO  org.apache.spark.storage.BlockManagerInfo - logInfo: Added rdd_4_0 in memory on localhost:4679 (size: 83.6 KB, free: 529.8 MB)
2016-12-06 10:34:13,264  INFO  org.apache.spark.executor.Executor - logInfo: Finished task 0.0 in stage 0.0 (TID 0). 2585 bytes result sent to driver
2016-12-06 10:34:13,264  INFO  org.apache.spark.executor.Executor - logInfo: Finished task 1.0 in stage 0.0 (TID 1). 2585 bytes result sent to driver
2016-12-06 10:34:13,283  INFO  org.apache.spark.scheduler.TaskSetManager - logInfo: Finished task 1.0 in stage 0.0 (TID 1) in 868 ms on localhost (1/2)
2016-12-06 10:34:13,284  INFO  org.apache.spark.scheduler.TaskSetManager - logInfo: Finished task 0.0 in stage 0.0 (TID 0) in 905 ms on localhost (2/2)
2016-12-06 10:34:13,285  INFO  org.apache.spark.scheduler.TaskSchedulerImpl - logInfo: Removed TaskSet 0.0, whose tasks have all completed, from pool 
2016-12-06 10:34:13,286  INFO  org.apache.spark.scheduler.DAGScheduler - logInfo: ResultStage 0 (reduce at MLUtils.scala:105) finished in 0.928 s
2016-12-06 10:34:13,291  INFO  org.apache.spark.scheduler.DAGScheduler - logInfo: Job 0 finished: reduce at MLUtils.scala:105, took 1.074311 s
2016-12-06 10:34:13,399  INFO  org.apache.spark.SparkContext - logInfo: Starting job: take at DecisionTreeMetadata.scala:110
2016-12-06 10:34:13,402  INFO  org.apache.spark.scheduler.DAGScheduler - logInfo: Got job 1 (take at DecisionTreeMetadata.scala:110) with 1 output partitions
2016-12-06 10:34:13,402  INFO  org.apache.spark.scheduler.DAGScheduler - logInfo: Final stage: ResultStage 1 (take at DecisionTreeMetadata.scala:110)
2016-12-06 10:34:13,402  INFO  org.apache.spark.scheduler.DAGScheduler - logInfo: Parents of final stage: List()
2016-12-06 10:34:13,404  INFO  org.apache.spark.scheduler.DAGScheduler - logInfo: Missing parents: List()
2016-12-06 10:34:13,404  INFO  org.apache.spark.scheduler.DAGScheduler - logInfo: Submitting ResultStage 1 (MapPartitionsRDD[10] at map at DecisionTreeMetadata.scala:110), which has no missing parents
2016-12-06 10:34:13,406  INFO  org.apache.spark.storage.MemoryStore - logInfo: Block broadcast_2 stored as values in memory (estimated size 4.7 KB, free 478.2 KB)
2016-12-06 10:34:13,413  INFO  org.apache.spark.storage.MemoryStore - logInfo: Block broadcast_2_piece0 stored as bytes in memory (estimated size 2.5 KB, free 480.8 KB)
2016-12-06 10:34:13,414  INFO  org.apache.spark.storage.BlockManagerInfo - logInfo: Added broadcast_2_piece0 in memory on localhost:4679 (size: 2.5 KB, free: 529.8 MB)
2016-12-06 10:34:13,415  INFO  org.apache.spark.SparkContext - logInfo: Created broadcast 2 from broadcast at DAGScheduler.scala:1006
2016-12-06 10:34:13,416  INFO  org.apache.spark.scheduler.DAGScheduler - logInfo: Submitting 1 missing tasks from ResultStage 1 (MapPartitionsRDD[10] at map at DecisionTreeMetadata.scala:110)
2016-12-06 10:34:13,416  INFO  org.apache.spark.scheduler.TaskSchedulerImpl - logInfo: Adding task set 1.0 with 1 tasks
2016-12-06 10:34:13,424  INFO  org.apache.spark.scheduler.TaskSetManager - logInfo: Starting task 0.0 in stage 1.0 (TID 2, localhost, partition 0,PROCESS_LOCAL, 2733 bytes)
2016-12-06 10:34:13,425  INFO  org.apache.spark.executor.Executor - logInfo: Running task 0.0 in stage 1.0 (TID 2)
2016-12-06 10:34:13,434  INFO  org.apache.spark.storage.BlockManager - logInfo: Found block rdd_4_0 locally
2016-12-06 10:34:13,463  INFO  org.apache.spark.executor.Executor - logInfo: Finished task 0.0 in stage 1.0 (TID 2). 2063 bytes result sent to driver
2016-12-06 10:34:13,476  INFO  org.apache.spark.scheduler.TaskSetManager - logInfo: Finished task 0.0 in stage 1.0 (TID 2) in 54 ms on localhost (1/1)
2016-12-06 10:34:13,476  INFO  org.apache.spark.scheduler.DAGScheduler - logInfo: ResultStage 1 (take at DecisionTreeMetadata.scala:110) finished in 0.054 s
2016-12-06 10:34:13,476  INFO  org.apache.spark.scheduler.TaskSchedulerImpl - logInfo: Removed TaskSet 1.0, whose tasks have all completed, from pool 
2016-12-06 10:34:13,477  INFO  org.apache.spark.scheduler.DAGScheduler - logInfo: Job 1 finished: take at DecisionTreeMetadata.scala:110, took 0.076722 s
2016-12-06 10:34:13,484  INFO  org.apache.spark.SparkContext - logInfo: Starting job: count at DecisionTreeMetadata.scala:114
2016-12-06 10:34:13,486  INFO  org.apache.spark.scheduler.DAGScheduler - logInfo: Got job 2 (count at DecisionTreeMetadata.scala:114) with 2 output partitions
2016-12-06 10:34:13,486  INFO  org.apache.spark.scheduler.DAGScheduler - logInfo: Final stage: ResultStage 2 (count at DecisionTreeMetadata.scala:114)
2016-12-06 10:34:13,486  INFO  org.apache.spark.scheduler.DAGScheduler - logInfo: Parents of final stage: List()
2016-12-06 10:34:13,487  INFO  org.apache.spark.scheduler.DAGScheduler - logInfo: Missing parents: List()
2016-12-06 10:34:13,488  INFO  org.apache.spark.scheduler.DAGScheduler - logInfo: Submitting ResultStage 2 (MapPartitionsRDD[9] at retag at RandomForest.scala:135), which has no missing parents
2016-12-06 10:34:13,489  INFO  org.apache.spark.storage.MemoryStore - logInfo: Block broadcast_3 stored as values in memory (estimated size 4.3 KB, free 485.0 KB)
2016-12-06 10:34:13,497  INFO  org.apache.spark.storage.MemoryStore - logInfo: Block broadcast_3_piece0 stored as bytes in memory (estimated size 2.3 KB, free 487.3 KB)
2016-12-06 10:34:13,498  INFO  org.apache.spark.storage.BlockManagerInfo - logInfo: Added broadcast_3_piece0 in memory on localhost:4679 (size: 2.3 KB, free: 529.8 MB)
2016-12-06 10:34:13,499  INFO  org.apache.spark.SparkContext - logInfo: Created broadcast 3 from broadcast at DAGScheduler.scala:1006
2016-12-06 10:34:13,499  INFO  org.apache.spark.scheduler.DAGScheduler - logInfo: Submitting 2 missing tasks from ResultStage 2 (MapPartitionsRDD[9] at retag at RandomForest.scala:135)
2016-12-06 10:34:13,499  INFO  org.apache.spark.scheduler.TaskSchedulerImpl - logInfo: Adding task set 2.0 with 2 tasks
2016-12-06 10:34:13,501  INFO  org.apache.spark.scheduler.TaskSetManager - logInfo: Starting task 0.0 in stage 2.0 (TID 3, localhost, partition 0,PROCESS_LOCAL, 2733 bytes)
2016-12-06 10:34:13,503  INFO  org.apache.spark.scheduler.TaskSetManager - logInfo: Starting task 1.0 in stage 2.0 (TID 4, localhost, partition 1,PROCESS_LOCAL, 2733 bytes)
2016-12-06 10:34:13,503  INFO  org.apache.spark.executor.Executor - logInfo: Running task 0.0 in stage 2.0 (TID 3)
2016-12-06 10:34:13,503  INFO  org.apache.spark.executor.Executor - logInfo: Running task 1.0 in stage 2.0 (TID 4)
2016-12-06 10:34:13,508  INFO  org.apache.spark.storage.BlockManager - logInfo: Found block rdd_4_0 locally
2016-12-06 10:34:13,509  INFO  org.apache.spark.storage.BlockManager - logInfo: Found block rdd_4_1 locally
2016-12-06 10:34:13,513  INFO  org.apache.spark.executor.Executor - logInfo: Finished task 0.0 in stage 2.0 (TID 3). 2057 bytes result sent to driver
2016-12-06 10:34:13,517  INFO  org.apache.spark.executor.Executor - logInfo: Finished task 1.0 in stage 2.0 (TID 4). 2057 bytes result sent to driver
2016-12-06 10:34:13,523  INFO  org.apache.spark.scheduler.TaskSetManager - logInfo: Finished task 1.0 in stage 2.0 (TID 4) in 21 ms on localhost (1/2)
2016-12-06 10:34:13,524  INFO  org.apache.spark.scheduler.TaskSetManager - logInfo: Finished task 0.0 in stage 2.0 (TID 3) in 23 ms on localhost (2/2)
2016-12-06 10:34:13,524  INFO  org.apache.spark.scheduler.DAGScheduler - logInfo: ResultStage 2 (count at DecisionTreeMetadata.scala:114) finished in 0.024 s
2016-12-06 10:34:13,524  INFO  org.apache.spark.scheduler.TaskSchedulerImpl - logInfo: Removed TaskSet 2.0, whose tasks have all completed, from pool 
2016-12-06 10:34:13,524  INFO  org.apache.spark.scheduler.DAGScheduler - logInfo: Job 2 finished: count at DecisionTreeMetadata.scala:114, took 0.039458 s
2016-12-06 10:34:13,643  INFO  org.apache.spark.SparkContext - logInfo: Starting job: collectAsMap at DecisionTree.scala:1043
2016-12-06 10:34:13,652  INFO  org.apache.spark.scheduler.DAGScheduler - logInfo: Registering RDD 12 (flatMap at DecisionTree.scala:1040)
2016-12-06 10:34:13,653  INFO  org.apache.spark.scheduler.DAGScheduler - logInfo: Got job 3 (collectAsMap at DecisionTree.scala:1043) with 2 output partitions
2016-12-06 10:34:13,653  INFO  org.apache.spark.scheduler.DAGScheduler - logInfo: Final stage: ResultStage 4 (collectAsMap at DecisionTree.scala:1043)
2016-12-06 10:34:13,653  INFO  org.apache.spark.scheduler.DAGScheduler - logInfo: Parents of final stage: List(ShuffleMapStage 3)
2016-12-06 10:34:13,654  INFO  org.apache.spark.scheduler.DAGScheduler - logInfo: Missing parents: List(ShuffleMapStage 3)
2016-12-06 10:34:13,656  INFO  org.apache.spark.scheduler.DAGScheduler - logInfo: Submitting ShuffleMapStage 3 (MapPartitionsRDD[12] at flatMap at DecisionTree.scala:1040), which has no missing parents
2016-12-06 10:34:13,665  INFO  org.apache.spark.storage.MemoryStore - logInfo: Block broadcast_4 stored as values in memory (estimated size 14.2 KB, free 501.5 KB)
2016-12-06 10:34:13,669  INFO  org.apache.spark.storage.MemoryStore - logInfo: Block broadcast_4_piece0 stored as bytes in memory (estimated size 6.8 KB, free 508.3 KB)
2016-12-06 10:34:13,670  INFO  org.apache.spark.storage.BlockManagerInfo - logInfo: Added broadcast_4_piece0 in memory on localhost:4679 (size: 6.8 KB, free: 529.8 MB)
2016-12-06 10:34:13,671  INFO  org.apache.spark.SparkContext - logInfo: Created broadcast 4 from broadcast at DAGScheduler.scala:1006
2016-12-06 10:34:13,673  INFO  org.apache.spark.scheduler.DAGScheduler - logInfo: Submitting 2 missing tasks from ShuffleMapStage 3 (MapPartitionsRDD[12] at flatMap at DecisionTree.scala:1040)
2016-12-06 10:34:13,673  INFO  org.apache.spark.scheduler.TaskSchedulerImpl - logInfo: Adding task set 3.0 with 2 tasks
2016-12-06 10:34:13,679  INFO  org.apache.spark.scheduler.TaskSetManager - logInfo: Starting task 0.0 in stage 3.0 (TID 5, localhost, partition 0,PROCESS_LOCAL, 2831 bytes)
2016-12-06 10:34:13,680  INFO  org.apache.spark.scheduler.TaskSetManager - logInfo: Starting task 1.0 in stage 3.0 (TID 6, localhost, partition 1,PROCESS_LOCAL, 2831 bytes)
2016-12-06 10:34:13,681  INFO  org.apache.spark.executor.Executor - logInfo: Running task 1.0 in stage 3.0 (TID 6)
2016-12-06 10:34:13,681  INFO  org.apache.spark.executor.Executor - logInfo: Running task 0.0 in stage 3.0 (TID 5)
2016-12-06 10:34:13,691  INFO  org.apache.spark.storage.BlockManager - logInfo: Found block rdd_4_1 locally
2016-12-06 10:34:13,691  INFO  org.apache.spark.storage.BlockManager - logInfo: Found block rdd_4_0 locally
2016-12-06 10:34:14,088  INFO  org.apache.spark.storage.BlockManagerInfo - logInfo: Removed broadcast_3_piece0 on localhost:4679 in memory (size: 2.3 KB, free: 529.8 MB)
2016-12-06 10:34:14,094  INFO  org.apache.spark.ContextCleaner - logInfo: Cleaned accumulator 3
2016-12-06 10:34:14,096  INFO  org.apache.spark.storage.BlockManagerInfo - logInfo: Removed broadcast_2_piece0 on localhost:4679 in memory (size: 2.5 KB, free: 529.8 MB)
2016-12-06 10:34:14,097  INFO  org.apache.spark.ContextCleaner - logInfo: Cleaned accumulator 2
2016-12-06 10:34:14,098  INFO  org.apache.spark.storage.BlockManagerInfo - logInfo: Removed broadcast_1_piece0 on localhost:4679 in memory (size: 2.1 KB, free: 529.8 MB)
2016-12-06 10:34:14,099  INFO  org.apache.spark.ContextCleaner - logInfo: Cleaned accumulator 1
2016-12-06 10:34:14,551  INFO  org.apache.spark.executor.Executor - logInfo: Finished task 1.0 in stage 3.0 (TID 6). 2237 bytes result sent to driver
2016-12-06 10:34:14,551  INFO  org.apache.spark.executor.Executor - logInfo: Finished task 0.0 in stage 3.0 (TID 5). 2237 bytes result sent to driver
2016-12-06 10:34:14,564  INFO  org.apache.spark.scheduler.TaskSetManager - logInfo: Finished task 1.0 in stage 3.0 (TID 6) in 885 ms on localhost (1/2)
2016-12-06 10:34:14,565  INFO  org.apache.spark.scheduler.TaskSetManager - logInfo: Finished task 0.0 in stage 3.0 (TID 5) in 891 ms on localhost (2/2)
2016-12-06 10:34:14,565  INFO  org.apache.spark.scheduler.TaskSchedulerImpl - logInfo: Removed TaskSet 3.0, whose tasks have all completed, from pool 
2016-12-06 10:34:14,566  INFO  org.apache.spark.scheduler.DAGScheduler - logInfo: ShuffleMapStage 3 (flatMap at DecisionTree.scala:1040) finished in 0.893 s
2016-12-06 10:34:14,567  INFO  org.apache.spark.scheduler.DAGScheduler - logInfo: looking for newly runnable stages
2016-12-06 10:34:14,568  INFO  org.apache.spark.scheduler.DAGScheduler - logInfo: running: Set()
2016-12-06 10:34:14,569  INFO  org.apache.spark.scheduler.DAGScheduler - logInfo: waiting: Set(ResultStage 4)
2016-12-06 10:34:14,570  INFO  org.apache.spark.scheduler.DAGScheduler - logInfo: failed: Set()
2016-12-06 10:34:14,573  INFO  org.apache.spark.scheduler.DAGScheduler - logInfo: Submitting ResultStage 4 (MapPartitionsRDD[14] at map at DecisionTree.scala:1042), which has no missing parents
2016-12-06 10:34:14,582  INFO  org.apache.spark.storage.MemoryStore - logInfo: Block broadcast_5 stored as values in memory (estimated size 19.3 KB, free 508.0 KB)
2016-12-06 10:34:14,590  INFO  org.apache.spark.storage.MemoryStore - logInfo: Block broadcast_5_piece0 stored as bytes in memory (estimated size 8.2 KB, free 516.1 KB)
2016-12-06 10:34:14,591  INFO  org.apache.spark.storage.BlockManagerInfo - logInfo: Added broadcast_5_piece0 in memory on localhost:4679 (size: 8.2 KB, free: 529.8 MB)
2016-12-06 10:34:14,591  INFO  org.apache.spark.SparkContext - logInfo: Created broadcast 5 from broadcast at DAGScheduler.scala:1006
2016-12-06 10:34:14,592  INFO  org.apache.spark.scheduler.DAGScheduler - logInfo: Submitting 2 missing tasks from ResultStage 4 (MapPartitionsRDD[14] at map at DecisionTree.scala:1042)
2016-12-06 10:34:14,592  INFO  org.apache.spark.scheduler.TaskSchedulerImpl - logInfo: Adding task set 4.0 with 2 tasks
2016-12-06 10:34:14,594  INFO  org.apache.spark.scheduler.TaskSetManager - logInfo: Starting task 0.0 in stage 4.0 (TID 7, localhost, partition 0,NODE_LOCAL, 2477 bytes)
2016-12-06 10:34:14,594  INFO  org.apache.spark.scheduler.TaskSetManager - logInfo: Starting task 1.0 in stage 4.0 (TID 8, localhost, partition 1,NODE_LOCAL, 2477 bytes)
2016-12-06 10:34:14,595  INFO  org.apache.spark.executor.Executor - logInfo: Running task 1.0 in stage 4.0 (TID 8)
2016-12-06 10:34:14,595  INFO  org.apache.spark.executor.Executor - logInfo: Running task 0.0 in stage 4.0 (TID 7)
2016-12-06 10:34:14,610  INFO  org.apache.spark.storage.ShuffleBlockFetcherIterator - logInfo: Getting 2 non-empty blocks out of 2 blocks
2016-12-06 10:34:14,610  INFO  org.apache.spark.storage.ShuffleBlockFetcherIterator - logInfo: Getting 2 non-empty blocks out of 2 blocks
2016-12-06 10:34:14,612  INFO  org.apache.spark.storage.ShuffleBlockFetcherIterator - logInfo: Started 0 remote fetches in 4 ms
2016-12-06 10:34:14,612  INFO  org.apache.spark.storage.ShuffleBlockFetcherIterator - logInfo: Started 0 remote fetches in 4 ms
2016-12-06 10:34:15,065  INFO  org.apache.spark.executor.Executor - logInfo: Finished task 0.0 in stage 4.0 (TID 7). 165540 bytes result sent to driver
2016-12-06 10:34:15,066  INFO  org.apache.spark.executor.Executor - logInfo: Finished task 1.0 in stage 4.0 (TID 8). 168281 bytes result sent to driver
2016-12-06 10:34:15,172  INFO  org.apache.spark.scheduler.TaskSetManager - logInfo: Finished task 0.0 in stage 4.0 (TID 7) in 578 ms on localhost (1/2)
2016-12-06 10:34:15,173  INFO  org.apache.spark.scheduler.TaskSetManager - logInfo: Finished task 1.0 in stage 4.0 (TID 8) in 578 ms on localhost (2/2)
2016-12-06 10:34:15,173  INFO  org.apache.spark.scheduler.DAGScheduler - logInfo: ResultStage 4 (collectAsMap at DecisionTree.scala:1043) finished in 0.580 s
2016-12-06 10:34:15,173  INFO  org.apache.spark.scheduler.TaskSchedulerImpl - logInfo: Removed TaskSet 4.0, whose tasks have all completed, from pool 
2016-12-06 10:34:15,174  INFO  org.apache.spark.scheduler.DAGScheduler - logInfo: Job 3 finished: collectAsMap at DecisionTree.scala:1043, took 1.530449 s
2016-12-06 10:34:15,250  INFO  org.apache.spark.storage.MemoryStore - logInfo: Block broadcast_6 stored as values in memory (estimated size 40.0 B, free 516.2 KB)
2016-12-06 10:34:15,259  INFO  org.apache.spark.storage.MemoryStore - logInfo: Block broadcast_6_piece0 stored as bytes in memory (estimated size 24.0 B, free 516.2 KB)
2016-12-06 10:34:15,260  INFO  org.apache.spark.storage.BlockManagerInfo - logInfo: Added broadcast_6_piece0 in memory on localhost:4679 (size: 24.0 B, free: 529.8 MB)
2016-12-06 10:34:15,261  INFO  org.apache.spark.SparkContext - logInfo: Created broadcast 6 from broadcast at DecisionTree.scala:601
2016-12-06 10:34:15,361  INFO  org.apache.spark.SparkContext - logInfo: Starting job: collectAsMap at DecisionTree.scala:651
2016-12-06 10:34:15,370  INFO  org.apache.spark.scheduler.DAGScheduler - logInfo: Registering RDD 17 (mapPartitions at DecisionTree.scala:622)
2016-12-06 10:34:15,371  INFO  org.apache.spark.scheduler.DAGScheduler - logInfo: Got job 4 (collectAsMap at DecisionTree.scala:651) with 2 output partitions
2016-12-06 10:34:15,371  INFO  org.apache.spark.scheduler.DAGScheduler - logInfo: Final stage: ResultStage 6 (collectAsMap at DecisionTree.scala:651)
2016-12-06 10:34:15,371  INFO  org.apache.spark.scheduler.DAGScheduler - logInfo: Parents of final stage: List(ShuffleMapStage 5)
2016-12-06 10:34:15,371  INFO  org.apache.spark.scheduler.DAGScheduler - logInfo: Missing parents: List(ShuffleMapStage 5)
2016-12-06 10:34:15,372  INFO  org.apache.spark.scheduler.DAGScheduler - logInfo: Submitting ShuffleMapStage 5 (MapPartitionsRDD[17] at mapPartitions at DecisionTree.scala:622), which has no missing parents
2016-12-06 10:34:15,388  INFO  org.apache.spark.storage.MemoryStore - logInfo: Block broadcast_7 stored as values in memory (estimated size 463.5 KB, free 979.7 KB)
2016-12-06 10:34:15,399  INFO  org.apache.spark.storage.MemoryStore - logInfo: Block broadcast_7_piece0 stored as bytes in memory (estimated size 113.6 KB, free 1093.3 KB)
2016-12-06 10:34:15,400  INFO  org.apache.spark.storage.BlockManagerInfo - logInfo: Added broadcast_7_piece0 in memory on localhost:4679 (size: 113.6 KB, free: 529.7 MB)
2016-12-06 10:34:15,401  INFO  org.apache.spark.SparkContext - logInfo: Created broadcast 7 from broadcast at DAGScheduler.scala:1006
2016-12-06 10:34:15,401  INFO  org.apache.spark.scheduler.DAGScheduler - logInfo: Submitting 2 missing tasks from ShuffleMapStage 5 (MapPartitionsRDD[17] at mapPartitions at DecisionTree.scala:622)
2016-12-06 10:34:15,402  INFO  org.apache.spark.scheduler.TaskSchedulerImpl - logInfo: Adding task set 5.0 with 2 tasks
2016-12-06 10:34:15,404  INFO  org.apache.spark.scheduler.TaskSetManager - logInfo: Starting task 0.0 in stage 5.0 (TID 9, localhost, partition 0,PROCESS_LOCAL, 2722 bytes)
2016-12-06 10:34:15,405  INFO  org.apache.spark.scheduler.TaskSetManager - logInfo: Starting task 1.0 in stage 5.0 (TID 10, localhost, partition 1,PROCESS_LOCAL, 2722 bytes)
2016-12-06 10:34:15,406  INFO  org.apache.spark.executor.Executor - logInfo: Running task 0.0 in stage 5.0 (TID 9)
2016-12-06 10:34:15,406  INFO  org.apache.spark.executor.Executor - logInfo: Running task 1.0 in stage 5.0 (TID 10)
2016-12-06 10:34:15,485  INFO  org.apache.spark.CacheManager - logInfo: Partition rdd_16_1 not found, computing it
2016-12-06 10:34:15,485  INFO  org.apache.spark.CacheManager - logInfo: Partition rdd_16_0 not found, computing it
2016-12-06 10:34:15,486  INFO  org.apache.spark.storage.BlockManager - logInfo: Found block rdd_4_1 locally
2016-12-06 10:34:15,486  INFO  org.apache.spark.storage.BlockManager - logInfo: Found block rdd_4_0 locally
2016-12-06 10:34:15,522  INFO  org.apache.spark.storage.MemoryStore - logInfo: Block rdd_16_0 stored as values in memory (estimated size 100.6 KB, free 1193.8 KB)
2016-12-06 10:34:15,522  INFO  org.apache.spark.storage.MemoryStore - logInfo: Block rdd_16_1 stored as values in memory (estimated size 103.4 KB, free 1297.2 KB)
2016-12-06 10:34:15,523  INFO  org.apache.spark.storage.BlockManagerInfo - logInfo: Added rdd_16_0 in memory on localhost:4679 (size: 100.6 KB, free: 529.6 MB)
2016-12-06 10:34:15,523  INFO  org.apache.spark.storage.BlockManagerInfo - logInfo: Added rdd_16_1 in memory on localhost:4679 (size: 103.4 KB, free: 529.5 MB)
2016-12-06 10:34:15,579  INFO  org.apache.spark.executor.Executor - logInfo: Finished task 1.0 in stage 5.0 (TID 10). 2817 bytes result sent to driver
2016-12-06 10:34:15,579  INFO  org.apache.spark.executor.Executor - logInfo: Finished task 0.0 in stage 5.0 (TID 9). 2817 bytes result sent to driver
2016-12-06 10:34:15,584  INFO  org.apache.spark.scheduler.TaskSetManager - logInfo: Finished task 1.0 in stage 5.0 (TID 10) in 180 ms on localhost (1/2)
2016-12-06 10:34:15,584  INFO  org.apache.spark.scheduler.TaskSetManager - logInfo: Finished task 0.0 in stage 5.0 (TID 9) in 181 ms on localhost (2/2)
2016-12-06 10:34:15,585  INFO  org.apache.spark.scheduler.DAGScheduler - logInfo: ShuffleMapStage 5 (mapPartitions at DecisionTree.scala:622) finished in 0.183 s
2016-12-06 10:34:15,585  INFO  org.apache.spark.scheduler.TaskSchedulerImpl - logInfo: Removed TaskSet 5.0, whose tasks have all completed, from pool 
2016-12-06 10:34:15,585  INFO  org.apache.spark.scheduler.DAGScheduler - logInfo: looking for newly runnable stages
2016-12-06 10:34:15,585  INFO  org.apache.spark.scheduler.DAGScheduler - logInfo: running: Set()
2016-12-06 10:34:15,586  INFO  org.apache.spark.scheduler.DAGScheduler - logInfo: waiting: Set(ResultStage 6)
2016-12-06 10:34:15,586  INFO  org.apache.spark.scheduler.DAGScheduler - logInfo: failed: Set()
2016-12-06 10:34:15,586  INFO  org.apache.spark.scheduler.DAGScheduler - logInfo: Submitting ResultStage 6 (MapPartitionsRDD[19] at map at DecisionTree.scala:642), which has no missing parents
2016-12-06 10:34:15,595  INFO  org.apache.spark.storage.MemoryStore - logInfo: Block broadcast_8 stored as values in memory (estimated size 201.3 KB, free 1498.5 KB)
2016-12-06 10:34:15,604  INFO  org.apache.spark.storage.MemoryStore - logInfo: Block broadcast_8_piece0 stored as bytes in memory (estimated size 43.1 KB, free 1541.6 KB)
2016-12-06 10:34:15,605  INFO  org.apache.spark.storage.BlockManagerInfo - logInfo: Added broadcast_8_piece0 in memory on localhost:4679 (size: 43.1 KB, free: 529.5 MB)
2016-12-06 10:34:15,606  INFO  org.apache.spark.SparkContext - logInfo: Created broadcast 8 from broadcast at DAGScheduler.scala:1006
2016-12-06 10:34:15,606  INFO  org.apache.spark.scheduler.DAGScheduler - logInfo: Submitting 2 missing tasks from ResultStage 6 (MapPartitionsRDD[19] at map at DecisionTree.scala:642)
2016-12-06 10:34:15,607  INFO  org.apache.spark.scheduler.TaskSchedulerImpl - logInfo: Adding task set 6.0 with 2 tasks
2016-12-06 10:34:15,609  INFO  org.apache.spark.scheduler.TaskSetManager - logInfo: Starting task 0.0 in stage 6.0 (TID 11, localhost, partition 0,NODE_LOCAL, 2477 bytes)
2016-12-06 10:34:15,611  INFO  org.apache.spark.scheduler.TaskSetManager - logInfo: Starting task 1.0 in stage 6.0 (TID 12, localhost, partition 1,PROCESS_LOCAL, 2477 bytes)
2016-12-06 10:34:15,612  INFO  org.apache.spark.executor.Executor - logInfo: Running task 1.0 in stage 6.0 (TID 12)
2016-12-06 10:34:15,612  INFO  org.apache.spark.executor.Executor - logInfo: Running task 0.0 in stage 6.0 (TID 11)
2016-12-06 10:34:15,624  INFO  org.apache.spark.storage.ShuffleBlockFetcherIterator - logInfo: Getting 0 non-empty blocks out of 2 blocks
2016-12-06 10:34:15,624  INFO  org.apache.spark.storage.ShuffleBlockFetcherIterator - logInfo: Started 0 remote fetches in 0 ms
2016-12-06 10:34:15,627  INFO  org.apache.spark.storage.ShuffleBlockFetcherIterator - logInfo: Getting 2 non-empty blocks out of 2 blocks
2016-12-06 10:34:15,627  INFO  org.apache.spark.storage.ShuffleBlockFetcherIterator - logInfo: Started 0 remote fetches in 0 ms
2016-12-06 10:34:15,632  INFO  org.apache.spark.executor.Executor - logInfo: Finished task 1.0 in stage 6.0 (TID 12). 1124 bytes result sent to driver
2016-12-06 10:34:15,635  INFO  org.apache.spark.scheduler.TaskSetManager - logInfo: Finished task 1.0 in stage 6.0 (TID 12) in 24 ms on localhost (1/2)
2016-12-06 10:34:15,785  INFO  org.apache.spark.executor.Executor - logInfo: Finished task 0.0 in stage 6.0 (TID 11). 1461 bytes result sent to driver
2016-12-06 10:34:15,794  INFO  org.apache.spark.scheduler.TaskSetManager - logInfo: Finished task 0.0 in stage 6.0 (TID 11) in 186 ms on localhost (2/2)
2016-12-06 10:34:15,795  INFO  org.apache.spark.scheduler.TaskSchedulerImpl - logInfo: Removed TaskSet 6.0, whose tasks have all completed, from pool 
2016-12-06 10:34:15,795  INFO  org.apache.spark.scheduler.DAGScheduler - logInfo: ResultStage 6 (collectAsMap at DecisionTree.scala:651) finished in 0.187 s
2016-12-06 10:34:15,796  INFO  org.apache.spark.scheduler.DAGScheduler - logInfo: Job 4 finished: collectAsMap at DecisionTree.scala:651, took 0.434510 s
2016-12-06 10:34:15,802  INFO  org.apache.spark.rdd.MapPartitionsRDD - logInfo: Removing RDD 16 from persistence list
2016-12-06 10:34:15,810  INFO  org.apache.spark.storage.BlockManager - logInfo: Removing RDD 16
2016-12-06 10:34:15,825  INFO  org.apache.spark.mllib.tree.RandomForest - logInfo: Internal timing for DecisionTree:
2016-12-06 10:34:15,826  INFO  org.apache.spark.storage.BlockManagerInfo - logInfo: Removed broadcast_5_piece0 on localhost:4679 in memory (size: 8.2 KB, free: 529.7 MB)
2016-12-06 10:34:15,828  INFO  org.apache.spark.mllib.tree.RandomForest - logInfo:   init: 1.872373481
  total: 2.462662819
  findSplitsBins: 1.649481598
  findBestSplits: 0.558033207
  chooseSplits: 0.549162179
2016-12-06 10:34:15,829  INFO  org.apache.spark.storage.BlockManagerInfo - logInfo: Removed broadcast_6_piece0 on localhost:4679 in memory (size: 24.0 B, free: 529.7 MB)
2016-12-06 10:34:15,833  INFO  org.apache.spark.ContextCleaner - logInfo: Cleaned shuffle 1
2016-12-06 10:34:15,834  INFO  org.apache.spark.storage.BlockManagerInfo - logInfo: Removed broadcast_8_piece0 on localhost:4679 in memory (size: 43.1 KB, free: 529.7 MB)
2016-12-06 10:34:15,835  INFO  org.apache.spark.ContextCleaner - logInfo: Cleaned accumulator 7
2016-12-06 10:34:15,837  INFO  org.apache.spark.storage.BlockManagerInfo - logInfo: Removed broadcast_7_piece0 on localhost:4679 in memory (size: 113.6 KB, free: 529.8 MB)
2016-12-06 10:34:15,838  INFO  org.apache.spark.ContextCleaner - logInfo: Cleaned accumulator 6
2016-12-06 10:34:15,861  INFO  org.apache.spark.SparkContext - logInfo: Starting job: count at Classifier.java:58
2016-12-06 10:34:15,863  INFO  org.apache.spark.scheduler.DAGScheduler - logInfo: Got job 5 (count at Classifier.java:58) with 2 output partitions
2016-12-06 10:34:15,863  INFO  org.apache.spark.scheduler.DAGScheduler - logInfo: Final stage: ResultStage 7 (count at Classifier.java:58)
2016-12-06 10:34:15,863  INFO  org.apache.spark.scheduler.DAGScheduler - logInfo: Parents of final stage: List()
2016-12-06 10:34:15,864  INFO  org.apache.spark.scheduler.DAGScheduler - logInfo: Missing parents: List()
2016-12-06 10:34:15,865  INFO  org.apache.spark.scheduler.DAGScheduler - logInfo: Submitting ResultStage 7 (MapPartitionsRDD[21] at filter at Classifier.java:54), which has no missing parents
2016-12-06 10:34:15,867  INFO  org.apache.spark.storage.MemoryStore - logInfo: Block broadcast_9 stored as values in memory (estimated size 6.6 KB, free 495.3 KB)
2016-12-06 10:34:15,873  INFO  org.apache.spark.storage.MemoryStore - logInfo: Block broadcast_9_piece0 stored as bytes in memory (estimated size 3.6 KB, free 498.9 KB)
2016-12-06 10:34:15,874  INFO  org.apache.spark.storage.BlockManagerInfo - logInfo: Added broadcast_9_piece0 in memory on localhost:4679 (size: 3.6 KB, free: 529.8 MB)
2016-12-06 10:34:15,875  INFO  org.apache.spark.SparkContext - logInfo: Created broadcast 9 from broadcast at DAGScheduler.scala:1006
2016-12-06 10:34:15,875  INFO  org.apache.spark.scheduler.DAGScheduler - logInfo: Submitting 2 missing tasks from ResultStage 7 (MapPartitionsRDD[21] at filter at Classifier.java:54)
2016-12-06 10:34:15,875  INFO  org.apache.spark.scheduler.TaskSchedulerImpl - logInfo: Adding task set 7.0 with 2 tasks
2016-12-06 10:34:15,877  INFO  org.apache.spark.scheduler.TaskSetManager - logInfo: Starting task 0.0 in stage 7.0 (TID 13, localhost, partition 0,PROCESS_LOCAL, 2733 bytes)
2016-12-06 10:34:15,878  INFO  org.apache.spark.scheduler.TaskSetManager - logInfo: Starting task 1.0 in stage 7.0 (TID 14, localhost, partition 1,PROCESS_LOCAL, 2733 bytes)
2016-12-06 10:34:15,878  INFO  org.apache.spark.executor.Executor - logInfo: Running task 0.0 in stage 7.0 (TID 13)
2016-12-06 10:34:15,878  INFO  org.apache.spark.executor.Executor - logInfo: Running task 1.0 in stage 7.0 (TID 14)
2016-12-06 10:34:15,883  INFO  org.apache.spark.storage.BlockManager - logInfo: Found block rdd_4_1 locally
2016-12-06 10:34:15,883  INFO  org.apache.spark.storage.BlockManager - logInfo: Found block rdd_4_0 locally
whsh ---> for (0.0,(692,[154,155,156,157,158,159,182,183,184,185,186,187,188,189,208,209,210,211,212,213,214,215,216,217,236,237,238,239,240,241,242,243,244,245,264,265,266,267,268,269,270,271,272,273,290,291,292,293,294,295,298,299,300,301,318,319,320,321,322,326,327,328,329,346,347,348,349,350,353,354,355,356,357,374,375,376,377,378,381,382,383,384,385,402,403,404,405,406,409,410,411,412,413,429,430,431,432,437,438,439,440,456,457,458,459,460,464,465,466,467,468,484,485,486,487,488,491,492,493,494,495,512,513,514,515,516,519,520,521,522,523,540,541,542,543,544,546,547,548,549,550,551,568,569,570,571,572,573,574,575,576,577,596,597,598,599,600,601,602,603,604,605,624,625,626,627,628,629,630,631,632,633,653,654,655,656,657,658,682,683,684,685,686],[53.0,255.0,253.0,253.0,253.0,124.0,180.0,253.0,251.0,251.0,251.0,251.0,145.0,62.0,32.0,217.0,241.0,253.0,251.0,251.0,251.0,251.0,253.0,107.0,37.0,251.0,251.0,253.0,251.0,251.0,251.0,251.0,253.0,107.0,166.0,251.0,251.0,253.0,251.0,96.0,148.0,251.0,253.0,107.0,73.0,253.0,253.0,253.0,253.0,130.0,110.0,253.0,255.0,108.0,73.0,251.0,251.0,251.0,251.0,109.0,251.0,253.0,107.0,202.0,251.0,251.0,251.0,225.0,6.0,129.0,251.0,253.0,107.0,150.0,251.0,251.0,251.0,71.0,115.0,251.0,251.0,253.0,107.0,253.0,251.0,251.0,173.0,20.0,217.0,251.0,251.0,253.0,107.0,182.0,255.0,253.0,216.0,218.0,253.0,253.0,182.0,63.0,221.0,253.0,251.0,215.0,84.0,236.0,251.0,251.0,77.0,109.0,251.0,253.0,251.0,215.0,11.0,160.0,251.0,251.0,96.0,109.0,251.0,253.0,251.0,137.0,150.0,251.0,251.0,251.0,71.0,109.0,251.0,253.0,251.0,35.0,130.0,253.0,251.0,251.0,173.0,20.0,110.0,253.0,255.0,253.0,98.0,150.0,253.0,255.0,253.0,164.0,109.0,251.0,253.0,251.0,251.0,251.0,251.0,253.0,251.0,35.0,93.0,241.0,253.0,251.0,251.0,251.0,251.0,216.0,112.0,5.0,103.0,253.0,251.0,251.0,251.0,251.0,124.0,251.0,225.0,71.0,71.0])) : score is 1.0, label is 0.0
whsh ---> for (0.0,(692,[152,153,154,155,156,157,158,159,179,180,181,182,183,184,185,186,187,188,189,205,206,207,208,209,210,211,212,213,214,215,216,217,232,233,234,235,236,237,238,239,241,242,243,244,245,246,258,259,260,261,262,263,264,265,266,267,271,272,273,274,286,287,288,289,290,293,294,295,299,300,301,302,313,314,315,316,317,328,329,330,331,341,342,343,344,356,357,358,359,369,370,371,384,385,386,387,396,397,398,399,412,413,414,415,424,425,426,427,440,441,442,443,452,453,454,455,468,469,470,471,480,481,482,483,496,497,498,508,509,510,511,524,525,526,536,537,538,539,551,552,553,554,565,566,567,568,569,578,579,580,581,582,593,594,595,596,597,598,599,603,604,605,606,607,608,609,622,623,624,625,626,627,628,629,630,631,632,633,634,635,636,650,651,652,653,654,655,656,657,658,659,660,661,662,663,681,682,683,684,685,686,687,688,689],[92.0,191.0,178.0,253.0,242.0,141.0,104.0,29.0,26.0,253.0,252.0,252.0,252.0,253.0,252.0,252.0,252.0,108.0,19.0,57.0,123.0,222.0,253.0,252.0,252.0,252.0,168.0,224.0,252.0,252.0,253.0,84.0,176.0,243.0,252.0,252.0,253.0,252.0,252.0,252.0,19.0,153.0,252.0,253.0,209.0,25.0,10.0,128.0,255.0,253.0,244.0,225.0,114.0,194.0,253.0,178.0,163.0,254.0,253.0,168.0,85.0,252.0,253.0,189.0,56.0,19.0,133.0,9.0,38.0,253.0,252.0,168.0,19.0,191.0,252.0,194.0,19.0,253.0,252.0,234.0,22.0,107.0,252.0,252.0,13.0,253.0,252.0,252.0,128.0,169.0,253.0,241.0,141.0,253.0,253.0,140.0,19.0,225.0,252.0,139.0,66.0,252.0,252.0,139.0,29.0,252.0,252.0,52.0,29.0,252.0,252.0,139.0,29.0,252.0,252.0,28.0,29.0,252.0,252.0,40.0,141.0,253.0,253.0,91.0,154.0,253.0,168.0,66.0,252.0,252.0,165.0,253.0,252.0,168.0,19.0,224.0,252.0,252.0,126.0,253.0,252.0,80.0,169.0,252.0,252.0,214.0,38.0,126.0,249.0,253.0,151.0,6.0,26.0,223.0,253.0,254.0,253.0,128.0,29.0,13.0,41.0,216.0,253.0,253.0,226.0,38.0,122.0,252.0,253.0,252.0,252.0,252.0,169.0,169.0,169.0,206.0,253.0,252.0,252.0,202.0,38.0,19.0,56.0,168.0,224.0,252.0,252.0,253.0,252.0,252.0,252.0,253.0,233.0,130.0,6.0,94.0,139.0,190.0,153.0,252.0,164.0,139.0,28.0,22.0])) : score is 0.0, label is 0.0
whsh ---> for (1.0,(692,[154,155,156,181,182,183,184,185,209,210,211,212,213,237,238,239,240,241,265,266,267,268,293,294,295,296,321,322,323,324,349,350,351,352,377,378,379,380,404,405,406,407,408,432,433,434,435,460,461,462,463,488,489,490,491,516,517,518,519,544,545,546,547,572,573,574,575,600,601,602,603,628,629,630,631,656,657,658,659,684,685,686],[178.0,255.0,105.0,6.0,188.0,253.0,216.0,14.0,14.0,202.0,253.0,253.0,23.0,12.0,199.0,253.0,128.0,6.0,42.0,253.0,253.0,158.0,42.0,253.0,253.0,158.0,155.0,253.0,253.0,158.0,160.0,253.0,253.0,147.0,160.0,253.0,253.0,41.0,17.0,225.0,253.0,235.0,31.0,24.0,253.0,253.0,176.0,24.0,253.0,253.0,176.0,24.0,253.0,253.0,176.0,24.0,253.0,253.0,176.0,24.0,253.0,253.0,162.0,46.0,253.0,253.0,59.0,142.0,253.0,253.0,59.0,142.0,253.0,253.0,59.0,142.0,253.0,202.0,8.0,87.0,253.0,139.0])) : score is 1.0, label is 1.0
whsh ---> for (0.0,(692,[121,122,123,124,125,126,127,149,150,151,152,153,154,155,156,157,176,177,178,179,180,181,182,183,184,185,186,187,203,204,205,206,207,208,209,210,211,212,213,214,215,216,217,231,232,233,234,235,236,237,238,239,240,241,242,243,244,245,246,259,260,261,262,269,270,271,272,273,274,286,287,288,289,298,299,300,301,302,303,314,315,316,317,328,329,330,331,342,343,344,345,356,357,358,359,369,370,371,372,385,386,387,397,398,399,400,413,414,415,416,425,426,427,441,442,443,444,453,454,455,469,470,471,472,481,482,483,484,496,497,498,499,509,510,511,512,523,524,525,526,527,537,538,539,540,541,542,549,550,551,552,553,554,565,566,567,568,569,570,571,572,573,575,576,577,578,579,580,581,582,594,595,596,597,598,599,600,601,602,603,604,605,606,607,608,609,623,624,625,626,627,628,629,630,631,632,633,634,635,653,654,655,656,657,658,659,660,661],[63.0,176.0,253.0,253.0,159.0,113.0,63.0,140.0,253.0,252.0,252.0,252.0,252.0,241.0,100.0,66.0,54.0,227.0,253.0,252.0,252.0,252.0,252.0,253.0,252.0,239.0,181.0,57.0,38.0,224.0,252.0,253.0,226.0,246.0,252.0,252.0,253.0,252.0,252.0,252.0,252.0,108.0,3.0,57.0,252.0,252.0,253.0,27.0,88.0,112.0,112.0,112.0,112.0,142.0,252.0,252.0,253.0,152.0,31.0,198.0,253.0,253.0,79.0,32.0,153.0,253.0,255.0,253.0,196.0,76.0,246.0,252.0,127.0,3.0,106.0,253.0,252.0,214.0,28.0,194.0,252.0,252.0,112.0,143.0,252.0,252.0,193.0,225.0,252.0,217.0,37.0,38.0,234.0,252.0,223.0,63.0,240.0,252.0,84.0,146.0,252.0,223.0,114.0,253.0,228.0,47.0,147.0,253.0,253.0,112.0,159.0,252.0,195.0,225.0,252.0,252.0,112.0,253.0,252.0,195.0,225.0,252.0,230.0,25.0,159.0,252.0,202.0,10.0,92.0,243.0,252.0,208.0,113.0,252.0,252.0,161.0,79.0,253.0,252.0,220.0,37.0,114.0,253.0,253.0,253.0,174.0,63.0,26.0,128.0,253.0,255.0,253.0,133.0,12.0,228.0,252.0,252.0,252.0,241.0,100.0,85.0,76.0,85.0,131.0,231.0,252.0,252.0,253.0,129.0,6.0,97.0,208.0,252.0,252.0,253.0,252.0,252.0,246.0,197.0,253.0,252.0,252.0,252.0,220.0,133.0,6.0,19.0,99.0,239.0,253.0,252.0,252.0,252.0,252.0,253.0,252.0,245.0,223.0,99.0,63.0,112.0,112.0,221.0,252.0,252.0,253.0,127.0,87.0])) : score is 0.0, label is 0.0
whsh ---> for (0.0,(692,[153,154,155,156,157,158,159,160,161,179,180,181,182,183,184,185,186,187,188,189,190,206,207,208,209,210,211,212,213,214,215,216,217,218,232,233,234,235,236,237,238,239,240,241,242,243,244,245,246,260,261,262,263,264,265,266,267,268,269,270,271,272,273,274,287,288,289,290,291,292,293,294,295,296,297,298,299,300,301,302,315,316,317,318,319,320,321,323,324,325,326,327,328,329,330,342,343,344,345,346,354,355,356,357,358,370,371,372,373,374,382,383,384,385,386,398,399,400,401,402,410,411,412,413,414,425,426,427,428,429,439,440,441,442,453,454,455,456,467,468,469,470,481,482,483,484,495,496,497,498,508,509,510,511,512,521,522,523,524,525,526,537,538,539,540,549,550,551,552,553,565,566,567,568,576,577,578,579,580,581,593,594,595,596,597,598,599,600,601,602,603,604,605,606,607,608,621,622,623,624,625,626,627,628,629,630,631,632,633,634,650,651,652,653,654,655,656,657,658,659,660,661,678,679,680,681,682,683,684,685,686,687,688,689],[46.0,105.0,254.0,254.0,254.0,254.0,255.0,239.0,41.0,37.0,118.0,222.0,254.0,253.0,253.0,253.0,253.0,253.0,253.0,211.0,54.0,14.0,200.0,253.0,253.0,254.0,253.0,253.0,253.0,253.0,253.0,253.0,253.0,116.0,16.0,160.0,236.0,253.0,253.0,253.0,254.0,253.0,253.0,246.0,229.0,253.0,253.0,253.0,116.0,99.0,253.0,253.0,253.0,253.0,253.0,254.0,253.0,253.0,213.0,99.0,253.0,253.0,253.0,116.0,25.0,194.0,253.0,253.0,253.0,253.0,131.0,97.0,169.0,253.0,93.0,99.0,253.0,253.0,253.0,116.0,206.0,253.0,253.0,251.0,233.0,127.0,9.0,18.0,38.0,3.0,15.0,171.0,253.0,253.0,116.0,55.0,240.0,253.0,253.0,233.0,31.0,186.0,253.0,253.0,116.0,176.0,253.0,253.0,253.0,127.0,99.0,253.0,253.0,253.0,116.0,176.0,253.0,253.0,131.0,9.0,99.0,253.0,253.0,253.0,116.0,119.0,254.0,254.0,232.0,75.0,158.0,254.0,254.0,117.0,118.0,253.0,253.0,154.0,156.0,253.0,253.0,116.0,118.0,253.0,253.0,154.0,156.0,253.0,253.0,116.0,46.0,222.0,253.0,253.0,154.0,7.0,116.0,246.0,253.0,180.0,9.0,118.0,253.0,253.0,154.0,116.0,253.0,253.0,253.0,174.0,118.0,253.0,253.0,154.0,110.0,246.0,253.0,253.0,240.0,67.0,118.0,253.0,253.0,238.0,215.0,49.0,20.0,20.0,20.0,66.0,215.0,241.0,253.0,245.0,233.0,64.0,82.0,229.0,253.0,253.0,253.0,253.0,253.0,253.0,253.0,254.0,253.0,253.0,240.0,107.0,176.0,253.0,253.0,253.0,253.0,253.0,253.0,253.0,254.0,253.0,253.0,108.0,40.0,239.0,253.0,253.0,253.0,253.0,253.0,253.0,254.0,161.0,57.0,4.0])) : score is 0.0, label is 0.0
whsh ---> for (0.0,(692,[124,125,126,127,150,151,152,153,154,155,156,178,179,180,181,182,183,184,204,205,206,207,208,209,210,211,212,213,214,232,233,234,235,236,237,238,239,240,241,242,243,260,261,262,263,266,267,268,269,270,271,272,273,287,288,289,290,291,295,296,297,298,299,300,301,302,315,316,317,318,325,326,327,328,329,330,331,342,343,344,345,356,357,358,359,360,370,371,372,373,384,385,386,387,388,398,399,400,401,413,414,415,416,425,426,427,428,441,442,443,444,453,454,455,456,469,470,471,472,481,482,483,484,497,498,499,500,509,510,511,512,525,526,527,528,537,538,539,540,552,553,554,555,556,565,566,567,568,569,578,579,580,581,582,583,594,595,596,597,598,599,600,601,602,603,604,605,606,607,608,609,610,611,622,623,624,625,626,627,628,629,630,631,632,633,634,635,636,637,652,653,654,655,656,657,658,659,660,661,662,663],[120.0,253.0,253.0,63.0,38.0,131.0,246.0,252.0,252.0,203.0,15.0,222.0,252.0,252.0,252.0,252.0,166.0,38.0,4.0,107.0,253.0,252.0,252.0,252.0,252.0,253.0,224.0,137.0,26.0,107.0,252.0,253.0,252.0,220.0,128.0,252.0,253.0,252.0,252.0,239.0,140.0,170.0,253.0,255.0,168.0,79.0,192.0,253.0,253.0,253.0,253.0,255.0,90.0,51.0,243.0,252.0,215.0,33.0,12.0,74.0,233.0,252.0,252.0,253.0,195.0,19.0,166.0,252.0,252.0,31.0,43.0,149.0,195.0,253.0,252.0,177.0,19.0,57.0,234.0,252.0,252.0,237.0,252.0,252.0,180.0,13.0,85.0,252.0,252.0,173.0,50.0,237.0,252.0,252.0,112.0,226.0,253.0,240.0,63.0,163.0,253.0,253.0,112.0,38.0,234.0,252.0,176.0,85.0,252.0,252.0,158.0,113.0,252.0,252.0,84.0,19.0,209.0,252.0,252.0,207.0,252.0,252.0,84.0,10.0,203.0,252.0,236.0,253.0,252.0,252.0,84.0,85.0,252.0,252.0,112.0,114.0,253.0,253.0,146.0,51.0,159.0,253.0,240.0,63.0,75.0,243.0,252.0,249.0,146.0,57.0,85.0,238.0,252.0,252.0,99.0,116.0,252.0,252.0,252.0,198.0,197.0,165.0,57.0,57.0,57.0,182.0,197.0,234.0,252.0,253.0,233.0,164.0,19.0,28.0,84.0,180.0,252.0,253.0,252.0,252.0,252.0,252.0,253.0,252.0,252.0,252.0,252.0,225.0,71.0,13.0,112.0,253.0,252.0,252.0,252.0,252.0,253.0,252.0,252.0,157.0,112.0])) : score is 0.0, label is 0.0
whsh ---> for (0.0,(692,[100,101,102,125,126,127,128,129,130,151,152,153,154,155,156,157,158,179,180,181,182,183,186,187,207,208,209,214,215,234,235,236,242,243,262,263,264,270,271,290,291,298,299,318,319,326,327,346,347,354,355,373,374,375,382,383,401,402,403,410,411,429,430,431,438,439,457,458,459,466,467,485,486,487,493,494,495,514,515,516,520,521,522,523,542,543,544,545,547,548,549,550,551,570,571,572,573,574,575,576,577,578,599,600,601,602,603,604,605,627,628,629,630,631,632],[88.0,127.0,5.0,19.0,58.0,20.0,14.0,217.0,19.0,7.0,146.0,247.0,253.0,235.0,27.0,84.0,81.0,126.0,253.0,164.0,19.0,15.0,156.0,9.0,214.0,222.0,34.0,234.0,58.0,59.0,254.0,116.0,235.0,58.0,141.0,251.0,72.0,151.0,140.0,224.0,233.0,136.0,223.0,254.0,218.0,136.0,253.0,254.0,135.0,136.0,253.0,23.0,255.0,114.0,137.0,231.0,98.0,254.0,122.0,136.0,155.0,98.0,254.0,106.0,166.0,155.0,98.0,254.0,128.0,234.0,193.0,98.0,254.0,135.0,61.0,248.0,118.0,255.0,238.0,18.0,13.0,224.0,254.0,58.0,201.0,253.0,128.0,2.0,5.0,150.0,253.0,167.0,9.0,18.0,226.0,253.0,49.0,31.0,156.0,253.0,228.0,13.0,147.0,253.0,243.0,241.0,254.0,227.0,43.0,5.0,126.0,245.0,253.0,231.0,46.0])) : score is 0.0, label is 0.0
whsh ---> for (0.0,(692,[154,155,156,157,158,181,182,183,184,185,186,187,207,208,209,210,211,212,213,214,215,216,217,234,235,236,237,238,239,240,241,242,243,244,245,262,263,264,265,266,267,268,269,270,271,272,273,289,290,291,292,293,294,295,296,297,298,299,300,301,302,317,318,319,320,321,322,323,324,325,326,327,328,329,330,344,345,346,347,348,349,350,351,352,353,354,355,356,357,358,359,371,372,373,374,375,376,377,378,379,380,383,384,385,386,387,398,399,400,401,402,403,406,407,408,411,412,413,414,415,426,427,428,429,430,431,439,440,441,442,443,453,454,455,456,457,458,459,467,468,469,470,471,480,481,482,483,484,485,486,487,488,489,493,494,495,496,497,498,499,508,509,510,511,512,513,514,515,516,517,521,522,523,524,525,536,537,538,539,540,548,549,550,551,552,553,564,565,566,567,574,575,576,577,578,592,593,594,595,596,602,603,604,605,606,620,621,622,623,624,625,626,627,628,629,630,631,632,633,649,650,651,652,653,654,655,656,657,658,659,678,679,680,681,682,683,684,685,686,687],[21.0,176.0,253.0,253.0,124.0,105.0,176.0,251.0,251.0,251.0,251.0,105.0,58.0,217.0,241.0,253.0,251.0,251.0,251.0,251.0,243.0,113.0,5.0,63.0,231.0,251.0,251.0,253.0,251.0,251.0,251.0,251.0,253.0,251.0,113.0,144.0,251.0,251.0,251.0,253.0,251.0,251.0,251.0,251.0,253.0,251.0,215.0,125.0,253.0,253.0,253.0,253.0,255.0,253.0,253.0,253.0,253.0,255.0,253.0,227.0,42.0,253.0,251.0,251.0,251.0,251.0,253.0,251.0,251.0,251.0,251.0,253.0,251.0,251.0,142.0,27.0,253.0,251.0,251.0,235.0,241.0,253.0,251.0,246.0,137.0,35.0,98.0,251.0,251.0,236.0,61.0,47.0,211.0,253.0,251.0,235.0,82.0,103.0,253.0,251.0,137.0,73.0,251.0,251.0,251.0,71.0,27.0,211.0,251.0,253.0,251.0,86.0,72.0,71.0,10.0,73.0,251.0,251.0,173.0,20.0,89.0,253.0,253.0,255.0,253.0,35.0,73.0,253.0,253.0,253.0,72.0,84.0,236.0,251.0,251.0,253.0,251.0,138.0,73.0,251.0,251.0,251.0,71.0,63.0,236.0,251.0,251.0,251.0,227.0,251.0,246.0,138.0,11.0,16.0,37.0,228.0,251.0,246.0,137.0,10.0,73.0,251.0,251.0,251.0,173.0,42.0,142.0,142.0,142.0,41.0,109.0,251.0,253.0,251.0,137.0,73.0,251.0,251.0,173.0,20.0,27.0,211.0,251.0,253.0,147.0,10.0,73.0,253.0,253.0,143.0,21.0,176.0,253.0,253.0,253.0,73.0,251.0,251.0,205.0,144.0,176.0,251.0,251.0,188.0,107.0,62.0,236.0,251.0,251.0,251.0,218.0,217.0,217.0,217.0,217.0,253.0,230.0,189.0,20.0,83.0,158.0,251.0,251.0,253.0,251.0,251.0,251.0,251.0,253.0,107.0,37.0,251.0,251.0,253.0,251.0,251.0,251.0,122.0,72.0,30.0])) : score is 1.0, label is 0.0
whsh ---> for (1.0,(692,[124,125,126,152,153,154,181,182,183,209,210,211,237,238,239,265,266,267,293,294,295,321,322,323,349,350,351,377,378,379,405,406,407,433,434,435,461,462,463,489,490,491,516,517,518,519,544,545,546,547,572,573,574,600,601,602,628,629,630,656,657,658],[26.0,240.0,72.0,25.0,238.0,208.0,209.0,226.0,14.0,209.0,254.0,43.0,175.0,254.0,128.0,63.0,254.0,204.0,107.0,254.0,204.0,88.0,254.0,204.0,55.0,254.0,204.0,126.0,254.0,204.0,126.0,254.0,189.0,169.0,254.0,121.0,209.0,254.0,193.0,209.0,254.0,111.0,22.0,235.0,254.0,37.0,137.0,254.0,227.0,16.0,205.0,255.0,185.0,205.0,254.0,125.0,205.0,254.0,125.0,111.0,212.0,43.0])) : score is 1.0, label is 1.0
whsh ---> for (0.0,(692,[126,127,128,129,130,131,132,152,153,154,155,156,157,158,159,160,179,180,181,182,183,184,185,186,187,188,189,206,207,208,209,210,215,216,217,234,235,236,237,243,244,245,261,262,263,264,268,269,271,272,273,288,289,290,291,295,296,297,298,299,300,301,316,317,318,319,323,324,325,326,327,328,329,343,344,345,346,351,352,353,354,355,371,372,373,374,381,382,383,399,400,401,402,409,410,411,412,427,428,429,437,438,439,440,454,455,456,457,466,467,468,482,483,484,494,495,496,510,511,512,513,522,523,524,539,540,541,542,549,550,551,552,567,568,569,570,571,575,576,577,578,579,595,596,597,598,599,600,601,602,603,604,605,606,607,624,625,626,627,628,629,630,631,632,633,634,654,655,656,657,658,659,660],[37.0,141.0,156.0,156.0,194.0,194.0,47.0,11.0,132.0,239.0,253.0,253.0,253.0,253.0,254.0,181.0,25.0,172.0,253.0,235.0,167.0,78.0,93.0,174.0,254.0,247.0,54.0,26.0,210.0,253.0,237.0,90.0,201.0,253.0,78.0,192.0,253.0,237.0,58.0,156.0,253.0,78.0,141.0,254.0,235.0,53.0,19.0,5.0,156.0,254.0,78.0,46.0,254.0,253.0,92.0,17.0,226.0,217.0,49.0,148.0,253.0,78.0,165.0,254.0,239.0,24.0,20.0,253.0,253.0,58.0,18.0,115.0,24.0,37.0,248.0,254.0,91.0,2.0,117.0,250.0,163.0,91.0,77.0,253.0,254.0,39.0,196.0,253.0,173.0,159.0,254.0,218.0,15.0,77.0,254.0,255.0,61.0,234.0,253.0,113.0,21.0,226.0,254.0,135.0,25.0,240.0,253.0,68.0,195.0,254.0,135.0,79.0,253.0,253.0,195.0,254.0,135.0,79.0,253.0,253.0,76.0,195.0,254.0,99.0,212.0,254.0,209.0,9.0,10.0,209.0,196.0,15.0,54.0,253.0,254.0,137.0,36.0,2.0,20.0,168.0,253.0,60.0,28.0,235.0,254.0,253.0,199.0,124.0,79.0,79.0,167.0,253.0,253.0,185.0,30.0,15.0,117.0,217.0,253.0,253.0,253.0,254.0,253.0,240.0,109.0,12.0,27.0,126.0,208.0,253.0,193.0,147.0,40.0])) : score is 0.0, label is 0.0
whsh ---> for (1.0,(692,[127,128,129,155,156,157,158,159,183,184,185,186,187,211,212,213,214,215,239,240,241,242,243,267,268,269,270,271,294,295,296,297,298,299,322,323,324,325,326,350,351,352,353,354,377,378,379,380,381,382,405,406,407,408,409,432,433,434,435,436,437,460,461,462,463,464,487,488,489,490,491,492,514,515,516,517,518,519,542,543,544,545,546,547,569,570,571,572,573,574,597,598,599,600,601,624,625,626,627,628,629,652,653,654,655],[62.0,254.0,213.0,102.0,253.0,252.0,102.0,20.0,102.0,254.0,253.0,254.0,50.0,102.0,253.0,252.0,253.0,50.0,102.0,254.0,253.0,254.0,50.0,142.0,253.0,252.0,253.0,50.0,51.0,253.0,254.0,253.0,224.0,20.0,132.0,252.0,253.0,252.0,162.0,173.0,253.0,254.0,253.0,102.0,82.0,253.0,252.0,253.0,252.0,61.0,203.0,254.0,253.0,254.0,233.0,41.0,243.0,253.0,252.0,253.0,111.0,132.0,253.0,254.0,253.0,203.0,41.0,253.0,252.0,253.0,252.0,40.0,11.0,213.0,254.0,253.0,254.0,151.0,92.0,252.0,253.0,252.0,192.0,50.0,21.0,214.0,253.0,255.0,253.0,41.0,142.0,253.0,252.0,253.0,171.0,113.0,253.0,255.0,253.0,203.0,40.0,30.0,131.0,233.0,111.0])) : score is 1.0, label is 1.0
whsh ---> for (0.0,(692,[234,235,237,238,239,240,241,242,243,244,245,260,261,262,263,265,266,267,268,269,270,271,272,273,274,287,288,289,290,293,294,300,301,302,303,304,314,315,316,317,321,322,323,329,330,331,332,341,342,343,344,358,359,360,369,370,371,387,388,397,398,415,416,425,426,441,442,443,444,453,454,468,469,470,471,472,481,482,494,495,496,497,498,509,510,511,518,519,520,521,522,523,524,525,537,538,539,540,541,545,546,547,548,549,550,568,569,570,571,572,573,574,575,598,599,600,601],[40.0,37.0,7.0,77.0,137.0,136.0,136.0,136.0,136.0,40.0,6.0,16.0,135.0,254.0,233.0,152.0,215.0,96.0,140.0,155.0,118.0,230.0,254.0,158.0,68.0,19.0,164.0,254.0,114.0,235.0,140.0,99.0,230.0,254.0,186.0,14.0,70.0,226.0,242.0,121.0,104.0,195.0,38.0,33.0,179.0,253.0,140.0,41.0,241.0,198.0,43.0,24.0,209.0,223.0,164.0,250.0,66.0,136.0,253.0,254.0,158.0,136.0,215.0,255.0,76.0,5.0,127.0,246.0,133.0,254.0,122.0,5.0,150.0,247.0,91.0,9.0,254.0,165.0,13.0,79.0,194.0,216.0,84.0,111.0,251.0,87.0,16.0,25.0,40.0,107.0,186.0,213.0,117.0,25.0,14.0,185.0,235.0,142.0,23.0,91.0,157.0,231.0,207.0,126.0,49.0,143.0,195.0,255.0,254.0,254.0,244.0,157.0,76.0,39.0,39.0,39.0,33.0])) : score is 0.0, label is 0.0
whsh ---> for (0.0,(692,[122,123,124,125,126,127,128,129,149,150,151,152,153,154,155,156,157,176,177,178,179,180,181,182,183,184,185,186,204,205,206,207,208,209,210,211,212,213,214,215,231,232,233,234,235,236,237,238,239,240,241,242,243,244,259,260,261,262,263,264,265,266,269,270,271,272,273,286,287,288,289,290,292,293,294,298,299,300,301,302,314,315,316,317,318,327,328,329,330,342,343,344,345,355,356,357,358,359,370,371,372,373,384,385,386,387,398,399,400,401,412,413,414,415,426,427,428,429,440,441,442,443,454,455,456,457,468,469,470,471,482,483,484,485,495,496,497,498,499,510,511,512,513,514,523,524,525,526,539,540,541,542,550,551,552,553,554,567,568,569,570,577,578,579,580,581,595,596,597,598,599,603,604,605,606,607,608,609,623,624,625,626,627,628,629,630,631,632,633,634,635,652,653,654,655,656,657,658,659,660,661,662],[8.0,76.0,202.0,254.0,255.0,163.0,37.0,2.0,13.0,182.0,253.0,253.0,253.0,253.0,253.0,253.0,23.0,15.0,179.0,253.0,253.0,212.0,91.0,218.0,253.0,253.0,179.0,109.0,105.0,253.0,253.0,160.0,35.0,156.0,253.0,253.0,253.0,253.0,250.0,113.0,19.0,212.0,253.0,253.0,88.0,121.0,253.0,233.0,128.0,91.0,245.0,253.0,248.0,114.0,104.0,253.0,253.0,110.0,2.0,142.0,253.0,90.0,26.0,199.0,253.0,248.0,63.0,1.0,173.0,253.0,253.0,29.0,84.0,228.0,39.0,72.0,251.0,253.0,215.0,29.0,36.0,253.0,253.0,203.0,13.0,82.0,253.0,253.0,170.0,36.0,253.0,253.0,164.0,11.0,198.0,253.0,184.0,6.0,36.0,253.0,253.0,82.0,138.0,253.0,253.0,35.0,128.0,253.0,253.0,47.0,48.0,253.0,253.0,35.0,154.0,253.0,253.0,47.0,48.0,253.0,253.0,35.0,102.0,253.0,253.0,99.0,48.0,253.0,253.0,35.0,36.0,253.0,253.0,164.0,16.0,208.0,253.0,211.0,17.0,32.0,244.0,253.0,175.0,4.0,44.0,253.0,253.0,156.0,171.0,253.0,253.0,29.0,30.0,217.0,253.0,188.0,19.0,171.0,253.0,253.0,59.0,60.0,217.0,253.0,253.0,70.0,78.0,253.0,253.0,231.0,48.0,26.0,128.0,249.0,253.0,244.0,94.0,15.0,8.0,151.0,253.0,253.0,234.0,101.0,121.0,219.0,229.0,253.0,253.0,201.0,80.0,38.0,232.0,253.0,253.0,253.0,253.0,253.0,253.0,253.0,201.0,66.0])) : score is 0.0, label is 0.0
whsh ---> for (0.0,(692,[124,125,126,127,128,152,153,154,155,156,157,158,179,180,181,182,183,184,185,186,187,207,208,209,210,211,212,213,214,215,216,234,235,236,237,238,240,241,242,243,244,261,262,263,264,265,269,270,271,272,289,290,291,292,297,298,299,300,317,318,319,320,326,327,328,344,345,346,347,354,355,356,357,372,373,374,375,382,383,384,385,400,401,402,411,412,428,429,430,439,440,455,456,457,458,466,467,468,483,484,485,486,493,494,495,496,511,512,513,514,520,521,522,523,524,540,541,542,543,544,546,547,548,549,550,551,552,568,569,570,571,572,573,574,575,576,577,578,579,580,596,597,598,599,600,601,602,603,604,605,606,607,625,626,627,628,629,630,631,632,633,634,654,655,656,657,658,659,660,661],[57.0,255.0,253.0,198.0,85.0,168.0,253.0,251.0,253.0,251.0,169.0,56.0,86.0,253.0,254.0,253.0,254.0,253.0,254.0,253.0,57.0,197.0,251.0,253.0,251.0,253.0,251.0,253.0,251.0,225.0,56.0,169.0,255.0,253.0,226.0,56.0,114.0,254.0,253.0,254.0,84.0,57.0,224.0,253.0,251.0,56.0,139.0,251.0,253.0,83.0,141.0,253.0,255.0,84.0,57.0,225.0,254.0,196.0,253.0,251.0,253.0,83.0,168.0,253.0,83.0,169.0,254.0,253.0,169.0,169.0,254.0,253.0,169.0,168.0,253.0,251.0,56.0,168.0,253.0,251.0,56.0,169.0,254.0,84.0,254.0,253.0,168.0,253.0,83.0,253.0,251.0,29.0,197.0,254.0,84.0,169.0,254.0,196.0,85.0,251.0,253.0,83.0,57.0,224.0,253.0,83.0,57.0,225.0,254.0,139.0,57.0,141.0,253.0,254.0,84.0,168.0,253.0,251.0,169.0,56.0,114.0,169.0,224.0,253.0,251.0,253.0,83.0,169.0,254.0,253.0,254.0,253.0,254.0,253.0,254.0,253.0,254.0,253.0,226.0,56.0,56.0,253.0,251.0,253.0,251.0,253.0,251.0,253.0,251.0,253.0,251.0,56.0,169.0,225.0,254.0,253.0,254.0,253.0,254.0,253.0,226.0,56.0,56.0,253.0,251.0,253.0,251.0,84.0,83.0,56.0])) : score is 0.0, label is 0.0
whsh ---> for (0.0,(692,[126,127,128,129,130,152,153,154,155,156,157,158,179,180,181,182,183,184,185,186,187,188,207,208,209,210,211,212,213,214,215,216,234,235,236,237,238,239,240,241,242,243,244,261,262,263,264,265,266,267,268,269,270,271,272,289,290,291,292,293,294,296,297,298,299,300,317,318,319,320,321,322,324,325,326,327,328,344,345,346,347,348,349,353,354,355,356,371,372,373,374,375,376,377,381,382,383,384,399,400,401,402,403,410,411,412,427,428,429,430,431,438,439,440,455,456,457,458,459,466,467,468,483,484,485,486,487,493,494,495,496,511,512,513,514,520,521,522,523,524,539,540,541,542,546,547,548,549,550,551,567,568,569,570,571,572,573,574,575,576,577,578,595,596,597,598,599,600,601,602,603,604,605,606,623,624,625,626,627,628,629,630,631,632,633,634,651,652,653,654,655,656,657,658,659,660],[68.0,254.0,255.0,254.0,107.0,11.0,176.0,230.0,253.0,253.0,253.0,212.0,28.0,197.0,253.0,253.0,253.0,253.0,253.0,229.0,107.0,14.0,194.0,253.0,253.0,253.0,253.0,253.0,253.0,253.0,253.0,53.0,69.0,241.0,253.0,253.0,253.0,253.0,241.0,186.0,253.0,253.0,195.0,10.0,161.0,253.0,253.0,253.0,246.0,40.0,57.0,231.0,253.0,253.0,195.0,140.0,253.0,253.0,253.0,253.0,154.0,25.0,253.0,253.0,253.0,195.0,213.0,253.0,253.0,253.0,135.0,8.0,3.0,128.0,253.0,253.0,195.0,77.0,238.0,253.0,253.0,253.0,7.0,116.0,253.0,253.0,195.0,11.0,165.0,253.0,253.0,231.0,70.0,1.0,78.0,237.0,253.0,195.0,33.0,253.0,253.0,253.0,182.0,200.0,253.0,195.0,98.0,253.0,253.0,253.0,24.0,42.0,253.0,195.0,197.0,253.0,253.0,253.0,24.0,163.0,253.0,195.0,197.0,253.0,253.0,189.0,13.0,53.0,227.0,253.0,121.0,197.0,253.0,253.0,114.0,21.0,227.0,253.0,231.0,27.0,197.0,253.0,253.0,114.0,5.0,131.0,143.0,253.0,231.0,59.0,197.0,253.0,253.0,236.0,73.0,58.0,217.0,223.0,253.0,253.0,253.0,174.0,197.0,253.0,253.0,253.0,253.0,253.0,253.0,253.0,253.0,253.0,253.0,48.0,149.0,253.0,253.0,253.0,253.0,253.0,253.0,253.0,253.0,182.0,15.0,3.0,12.0,168.0,253.0,253.0,253.0,253.0,253.0,248.0,89.0,23.0])) : score is 0.0, label is 0.0
whsh ---> for (0.0,(692,[126,127,128,129,130,131,154,155,156,157,158,159,181,182,183,184,185,186,207,208,209,210,211,212,213,214,234,235,236,237,238,239,240,241,242,243,244,261,262,263,264,265,266,268,269,270,271,272,288,289,290,291,292,293,297,298,299,300,301,316,317,318,319,320,327,328,329,330,343,344,345,346,347,348,356,357,358,371,372,373,374,375,384,385,386,399,400,401,402,412,413,414,427,428,429,430,440,441,455,456,457,466,467,468,469,483,484,485,494,495,496,497,511,512,513,521,522,523,524,539,540,541,548,549,550,551,552,567,568,569,574,575,576,577,578,596,597,598,599,600,601,602,603,604,605,624,625,626,627,628,629,630,631,632,633,652,653,654,655,656,657,658,659],[12.0,105.0,224.0,255.0,247.0,22.0,131.0,254.0,254.0,243.0,252.0,76.0,131.0,225.0,254.0,224.0,48.0,136.0,13.0,109.0,252.0,254.0,254.0,254.0,197.0,76.0,9.0,181.0,254.0,254.0,240.0,229.0,237.0,254.0,252.0,152.0,21.0,9.0,143.0,254.0,254.0,226.0,36.0,22.0,138.0,254.0,254.0,188.0,13.0,181.0,254.0,254.0,250.0,64.0,2.0,53.0,236.0,252.0,131.0,102.0,254.0,254.0,254.0,111.0,56.0,243.0,251.0,42.0,30.0,186.0,254.0,254.0,206.0,29.0,199.0,254.0,91.0,92.0,254.0,254.0,237.0,13.0,134.0,254.0,91.0,133.0,254.0,254.0,126.0,134.0,250.0,17.0,187.0,254.0,237.0,23.0,200.0,183.0,187.0,254.0,213.0,2.0,134.0,252.0,101.0,183.0,254.0,133.0,14.0,254.0,234.0,34.0,92.0,254.0,161.0,84.0,204.0,254.0,56.0,92.0,254.0,229.0,85.0,252.0,252.0,188.0,11.0,56.0,252.0,229.0,3.0,53.0,235.0,253.0,166.0,224.0,245.0,130.0,68.0,68.0,134.0,214.0,254.0,254.0,159.0,141.0,254.0,254.0,254.0,254.0,254.0,254.0,233.0,95.0,3.0,14.0,152.0,254.0,254.0,254.0,186.0,157.0,53.0])) : score is 0.0, label is 0.0
whsh ---> for (1.0,(692,[128,129,130,131,132,156,157,158,159,160,183,184,185,186,187,210,211,212,213,214,215,238,239,240,241,242,243,265,266,267,268,269,270,293,294,295,296,297,321,322,323,324,348,349,350,351,352,376,377,378,379,380,404,405,406,407,408,430,431,432,433,434,435,436,458,459,460,461,462,463,486,487,488,489,490,514,515,516,517,518,542,543,544,545,546,570,571,572,573,597,598,599,600,601,625,626,627,628,629,653,654,655,656,657],[39.0,254.0,255.0,254.0,140.0,136.0,253.0,253.0,228.0,67.0,6.0,227.0,253.0,253.0,58.0,29.0,188.0,253.0,253.0,253.0,17.0,95.0,253.0,253.0,253.0,157.0,8.0,3.0,107.0,253.0,253.0,245.0,77.0,29.0,253.0,253.0,240.0,100.0,141.0,253.0,253.0,215.0,129.0,248.0,253.0,253.0,215.0,151.0,253.0,253.0,253.0,144.0,151.0,253.0,253.0,253.0,27.0,3.0,102.0,242.0,253.0,253.0,110.0,3.0,97.0,253.0,253.0,253.0,214.0,55.0,207.0,253.0,253.0,253.0,158.0,67.0,253.0,253.0,253.0,158.0,207.0,253.0,253.0,240.0,88.0,207.0,253.0,253.0,224.0,32.0,217.0,253.0,253.0,224.0,141.0,253.0,253.0,253.0,133.0,36.0,219.0,253.0,140.0,10.0])) : score is 1.0, label is 1.0
whsh ---> for (1.0,(692,[128,129,130,131,156,157,158,159,184,185,186,187,211,212,213,214,215,239,240,241,242,243,266,267,268,269,270,271,294,295,296,297,298,321,322,323,324,325,326,349,350,351,352,353,354,377,378,379,380,381,403,404,405,406,407,408,409,431,432,433,434,435,436,458,459,460,461,462,463,485,486,487,488,489,490,513,514,515,516,517,518,540,541,542,543,544,545,567,568,569,570,571,572,573,595,596,597,598,599,600,623,624,625,626,627,651,652,653,654,655],[17.0,206.0,229.0,44.0,2.0,125.0,254.0,123.0,95.0,254.0,254.0,123.0,78.0,240.0,254.0,254.0,123.0,100.0,254.0,254.0,254.0,123.0,2.0,129.0,254.0,254.0,220.0,20.0,9.0,254.0,254.0,254.0,123.0,22.0,179.0,254.0,254.0,254.0,49.0,83.0,254.0,254.0,254.0,183.0,19.0,136.0,254.0,254.0,254.0,139.0,3.0,111.0,252.0,254.0,254.0,232.0,45.0,67.0,254.0,254.0,254.0,216.0,40.0,14.0,192.0,254.0,254.0,254.0,140.0,23.0,192.0,254.0,254.0,254.0,246.0,77.0,254.0,254.0,255.0,241.0,100.0,65.0,235.0,254.0,254.0,254.0,172.0,30.0,238.0,254.0,254.0,254.0,219.0,26.0,34.0,254.0,254.0,254.0,216.0,41.0,34.0,254.0,254.0,254.0,188.0,12.0,170.0,254.0,254.0,82.0])) : score is 1.0, label is 1.0
whsh ---> for (1.0,(692,[127,128,155,156,157,182,183,184,185,210,211,212,237,238,239,240,265,266,267,268,293,294,295,296,321,322,323,324,349,350,351,352,377,378,379,380,405,406,407,408,433,434,435,436,461,462,463,464,489,490,491,492,516,517,518,519,520,544,545,546,547,573,574,575,601,602,603,629,630,657,658],[58.0,139.0,247.0,247.0,25.0,121.0,253.0,156.0,3.0,133.0,253.0,145.0,11.0,227.0,253.0,145.0,7.0,189.0,253.0,145.0,35.0,252.0,253.0,145.0,146.0,252.0,253.0,131.0,146.0,252.0,253.0,13.0,146.0,252.0,253.0,13.0,147.0,253.0,255.0,13.0,146.0,252.0,253.0,13.0,146.0,252.0,253.0,13.0,146.0,252.0,253.0,13.0,22.0,230.0,252.0,221.0,9.0,22.0,230.0,252.0,133.0,146.0,252.0,133.0,146.0,252.0,120.0,146.0,252.0,146.0,252.0])) : score is 1.0, label is 1.0
whsh ---> for (1.0,(692,[125,126,153,154,155,181,182,183,209,210,211,237,238,239,265,266,267,293,294,295,321,322,323,349,350,351,377,378,379,405,406,407,433,434,435,461,462,463,489,490,491,517,518,519,545,546,547,572,573,574,575,599,600,601,602,626,627,628,629,630,654,655,656,657],[134.0,230.0,133.0,231.0,10.0,133.0,253.0,96.0,133.0,253.0,96.0,133.0,253.0,183.0,133.0,253.0,217.0,133.0,253.0,217.0,133.0,253.0,217.0,133.0,253.0,217.0,133.0,253.0,217.0,134.0,254.0,218.0,133.0,253.0,159.0,133.0,253.0,199.0,156.0,253.0,96.0,254.0,247.0,73.0,254.0,248.0,74.0,99.0,254.0,245.0,64.0,89.0,230.0,254.0,125.0,140.0,251.0,253.0,243.0,10.0,114.0,242.0,195.0,69.0])) : score is 1.0, label is 1.0
whsh ---> for (1.0,(692,[129,130,131,156,157,158,159,184,185,186,187,212,213,214,215,240,241,242,243,267,268,269,270,294,295,296,297,298,322,323,324,325,349,350,351,352,353,376,377,378,379,380,381,404,405,406,407,408,431,432,433,434,435,436,459,460,461,462,463,486,487,488,489,490,513,514,515,516,517,541,542,543,544,569,570,571,572,595,596,597,598,599,600,623,624,625,626,627,651,652,653,654,655],[79.0,203.0,141.0,51.0,240.0,240.0,140.0,88.0,252.0,252.0,140.0,197.0,252.0,252.0,140.0,197.0,252.0,252.0,140.0,147.0,253.0,253.0,253.0,38.0,234.0,252.0,242.0,89.0,113.0,252.0,252.0,223.0,16.0,207.0,252.0,252.0,129.0,16.0,203.0,253.0,252.0,220.0,37.0,29.0,253.0,255.0,253.0,56.0,19.0,181.0,252.0,253.0,176.0,6.0,166.0,252.0,252.0,228.0,52.0,10.0,203.0,252.0,252.0,126.0,63.0,178.0,252.0,252.0,173.0,114.0,253.0,253.0,225.0,238.0,252.0,252.0,99.0,7.0,135.0,253.0,252.0,176.0,19.0,29.0,252.0,253.0,252.0,55.0,13.0,189.0,253.0,204.0,25.0])) : score is 1.0, label is 1.0
whsh ---> for (0.0,(692,[155,156,180,181,182,183,184,185,206,207,208,209,210,211,212,213,214,215,216,232,233,234,235,236,237,238,239,240,241,242,243,244,245,246,247,258,259,260,261,262,263,264,265,266,267,268,269,270,271,272,273,274,275,276,285,286,287,288,289,290,291,292,293,294,295,296,298,299,300,301,302,303,304,313,314,315,316,317,318,319,320,321,322,328,329,330,331,332,341,342,343,344,345,346,347,348,357,358,359,360,369,370,371,372,373,374,375,385,386,387,388,397,398,399,400,401,402,413,414,415,416,425,426,427,428,429,440,441,442,443,444,453,454,455,456,467,468,469,470,471,472,481,482,483,494,495,496,497,498,499,509,510,511,512,521,522,523,524,525,526,527,537,538,539,540,541,548,549,550,551,552,553,554,565,566,567,568,569,570,571,572,573,574,575,576,577,578,579,580,594,595,596,597,598,599,600,601,602,603,604,605,606,607,623,624,625,626,627,628,629,630,631,632,633,634,652,653,654,655,656,657,658,659,660],[13.0,6.0,10.0,77.0,145.0,253.0,190.0,67.0,11.0,77.0,193.0,252.0,252.0,253.0,252.0,238.0,157.0,71.0,26.0,10.0,78.0,193.0,252.0,252.0,252.0,252.0,253.0,252.0,252.0,252.0,252.0,228.0,128.0,49.0,5.0,6.0,78.0,194.0,252.0,252.0,252.0,252.0,252.0,252.0,253.0,217.0,192.0,232.0,252.0,252.0,252.0,252.0,135.0,3.0,4.0,147.0,252.0,252.0,252.0,252.0,252.0,252.0,252.0,252.0,175.0,26.0,40.0,145.0,235.0,252.0,252.0,252.0,104.0,208.0,252.0,252.0,252.0,252.0,252.0,252.0,133.0,48.0,48.0,71.0,236.0,252.0,252.0,230.0,253.0,185.0,170.0,252.0,252.0,252.0,173.0,22.0,102.0,252.0,252.0,252.0,24.0,141.0,243.0,252.0,252.0,186.0,5.0,8.0,220.0,252.0,252.0,70.0,247.0,252.0,252.0,165.0,37.0,81.0,251.0,252.0,194.0,255.0,253.0,253.0,251.0,69.0,39.0,231.0,253.0,253.0,127.0,253.0,252.0,249.0,127.0,6.0,147.0,252.0,252.0,190.0,5.0,253.0,252.0,216.0,7.0,145.0,252.0,252.0,252.0,69.0,253.0,252.0,223.0,16.0,25.0,185.0,252.0,252.0,252.0,107.0,8.0,167.0,252.0,252.0,181.0,18.0,105.0,191.0,252.0,252.0,235.0,151.0,10.0,37.0,221.0,252.0,252.0,210.0,193.0,96.0,73.0,130.0,188.0,194.0,227.0,252.0,252.0,235.0,128.0,97.0,220.0,252.0,252.0,252.0,252.0,252.0,252.0,252.0,253.0,252.0,252.0,236.0,70.0,40.0,174.0,252.0,252.0,252.0,252.0,252.0,252.0,253.0,197.0,138.0,29.0,5.0,23.0,116.0,143.0,143.0,143.0,143.0,24.0,10.0])) : score is 0.0, label is 0.0
whsh ---> for (0.0,(692,[126,127,128,129,152,153,154,155,156,157,158,159,180,181,182,183,184,185,186,187,188,206,207,208,209,210,211,212,213,214,215,216,217,233,234,235,236,237,238,240,241,242,243,244,245,246,247,260,261,262,263,264,265,270,271,272,273,274,275,287,288,289,290,291,292,299,300,301,302,303,314,315,316,317,318,319,328,329,330,331,332,342,343,344,345,346,357,358,359,360,370,371,372,373,374,385,386,387,388,397,398,399,400,401,413,414,415,416,425,426,427,428,429,441,442,443,444,453,454,455,456,468,469,470,471,472,481,482,483,484,496,497,498,499,509,510,511,512,522,523,524,525,526,527,538,539,540,541,542,543,548,549,550,551,552,553,566,567,568,569,570,571,572,573,574,575,576,577,578,579,580,581,594,595,596,597,598,599,600,601,602,603,604,605,606,607,624,625,626,627,628,629,630,631,632,633,634],[60.0,96.0,96.0,48.0,16.0,171.0,228.0,253.0,251.0,220.0,51.0,32.0,127.0,251.0,251.0,253.0,251.0,251.0,251.0,251.0,80.0,24.0,182.0,236.0,251.0,211.0,189.0,236.0,251.0,251.0,251.0,242.0,193.0,100.0,194.0,251.0,251.0,211.0,35.0,71.0,173.0,251.0,251.0,253.0,240.0,158.0,19.0,64.0,253.0,255.0,253.0,205.0,19.0,40.0,218.0,255.0,253.0,253.0,91.0,16.0,186.0,251.0,253.0,247.0,110.0,39.0,233.0,251.0,251.0,188.0,16.0,189.0,251.0,251.0,205.0,110.0,48.0,220.0,251.0,220.0,48.0,72.0,251.0,251.0,251.0,158.0,51.0,251.0,251.0,232.0,190.0,251.0,251.0,251.0,59.0,32.0,251.0,251.0,251.0,96.0,253.0,253.0,253.0,95.0,32.0,253.0,253.0,193.0,214.0,251.0,251.0,204.0,23.0,52.0,251.0,251.0,94.0,253.0,251.0,251.0,109.0,48.0,221.0,251.0,219.0,47.0,253.0,251.0,251.0,70.0,234.0,251.0,251.0,188.0,253.0,251.0,251.0,188.0,40.0,158.0,253.0,251.0,172.0,70.0,191.0,253.0,253.0,253.0,96.0,24.0,12.0,174.0,253.0,253.0,255.0,221.0,71.0,251.0,251.0,251.0,253.0,205.0,190.0,190.0,190.0,191.0,197.0,251.0,251.0,231.0,221.0,93.0,16.0,126.0,236.0,251.0,253.0,251.0,251.0,251.0,251.0,253.0,251.0,251.0,140.0,47.0,67.0,188.0,189.0,188.0,188.0,188.0,188.0,189.0,188.0,109.0,4.0])) : score is 0.0, label is 0.0
whsh ---> for (0.0,(692,[126,127,128,129,130,131,153,154,155,156,157,158,159,181,182,183,184,185,186,187,188,207,208,209,210,211,214,215,216,234,235,236,237,238,243,244,245,261,262,263,264,265,266,267,271,272,273,289,290,291,292,293,294,300,301,316,317,318,319,320,321,328,329,330,344,345,346,348,349,356,357,358,372,373,374,376,377,384,385,386,399,400,401,412,413,414,427,428,429,430,439,440,441,442,455,456,457,467,468,469,483,484,485,495,496,497,511,512,513,523,524,525,540,541,542,550,551,552,553,568,569,570,576,577,578,579,580,596,597,598,599,600,601,602,603,604,605,606,607,625,626,627,628,629,630,631,632,633,634,654,655,656,657,658,659,660],[28.0,164.0,254.0,233.0,148.0,11.0,3.0,164.0,254.0,234.0,225.0,254.0,204.0,91.0,254.0,235.0,48.0,32.0,166.0,251.0,92.0,33.0,111.0,214.0,205.0,49.0,24.0,216.0,210.0,34.0,217.0,254.0,254.0,211.0,87.0,237.0,43.0,34.0,216.0,254.0,254.0,252.0,243.0,61.0,38.0,248.0,182.0,171.0,254.0,184.0,205.0,175.0,36.0,171.0,227.0,28.0,234.0,190.0,13.0,193.0,157.0,124.0,238.0,26.0,140.0,254.0,131.0,129.0,157.0,124.0,254.0,95.0,201.0,238.0,56.0,70.0,103.0,124.0,254.0,148.0,62.0,255.0,210.0,150.0,254.0,122.0,86.0,254.0,201.0,15.0,28.0,237.0,246.0,44.0,128.0,254.0,143.0,34.0,243.0,227.0,62.0,254.0,210.0,58.0,249.0,179.0,30.0,240.0,210.0,207.0,254.0,64.0,216.0,231.0,34.0,129.0,248.0,170.0,9.0,131.0,254.0,170.0,17.0,129.0,248.0,225.0,24.0,50.0,245.0,245.0,184.0,106.0,106.0,106.0,133.0,231.0,254.0,244.0,53.0,67.0,249.0,254.0,254.0,254.0,254.0,254.0,251.0,193.0,40.0,38.0,157.0,248.0,166.0,166.0,139.0,57.0])) : score is 0.0, label is 0.0
whsh ---> for (1.0,(692,[129,130,131,156,157,158,159,184,185,186,187,211,212,213,214,215,239,240,241,242,243,267,268,269,270,295,296,297,298,322,323,324,325,326,350,351,352,353,377,378,379,380,381,405,406,407,408,409,432,433,434,435,460,461,462,463,486,487,488,489,490,491,513,514,515,516,517,518,541,542,543,544,545,568,569,570,571,595,596,597,598,599,623,624,625,626,627,651,652,653,654],[218.0,170.0,108.0,32.0,227.0,252.0,232.0,129.0,252.0,252.0,252.0,1.0,253.0,252.0,252.0,168.0,144.0,253.0,252.0,236.0,62.0,144.0,253.0,252.0,215.0,144.0,253.0,252.0,112.0,21.0,206.0,253.0,252.0,71.0,99.0,253.0,255.0,119.0,63.0,242.0,252.0,253.0,35.0,94.0,252.0,252.0,154.0,10.0,145.0,237.0,252.0,252.0,255.0,253.0,253.0,108.0,11.0,155.0,253.0,252.0,179.0,15.0,11.0,150.0,252.0,253.0,200.0,20.0,73.0,252.0,252.0,253.0,97.0,47.0,233.0,253.0,253.0,1.0,149.0,252.0,252.0,252.0,1.0,252.0,252.0,246.0,132.0,1.0,169.0,252.0,132.0])) : score is 1.0, label is 1.0
whsh ---> for (0.0,(692,[128,129,130,131,132,133,155,156,157,158,159,160,161,162,181,182,183,184,185,186,187,188,189,190,208,209,210,211,212,213,214,215,216,217,218,219,236,237,238,239,240,241,242,243,244,245,246,247,261,262,263,264,265,266,267,268,269,270,271,272,273,274,275,289,290,291,292,293,294,295,296,297,298,300,301,302,303,316,317,318,319,320,321,322,323,324,325,326,328,329,330,331,343,344,345,346,347,348,349,350,352,353,356,357,358,359,370,371,372,373,374,375,376,384,385,386,387,398,399,400,401,402,411,412,413,414,415,425,426,427,428,429,438,439,440,441,442,453,454,455,456,457,466,467,468,469,470,480,481,482,483,484,492,493,494,495,496,497,498,508,509,510,511,512,513,519,520,521,522,523,524,525,536,537,538,539,540,541,545,546,547,548,549,550,551,552,564,565,566,567,568,569,570,571,572,573,574,575,576,577,578,593,594,595,596,597,598,599,600,601,602,603,604,605,606,622,623,624,625,626,627,628,629,630,631,650,651,652,653,654,655,656,657,658],[105.0,255.0,219.0,67.0,67.0,52.0,20.0,181.0,253.0,253.0,253.0,253.0,226.0,69.0,4.0,129.0,206.0,253.0,253.0,253.0,253.0,253.0,253.0,130.0,9.0,141.0,253.0,253.0,253.0,253.0,253.0,253.0,253.0,253.0,166.0,20.0,134.0,253.0,253.0,253.0,253.0,253.0,253.0,253.0,253.0,253.0,253.0,65.0,2.0,83.0,207.0,246.0,253.0,253.0,253.0,253.0,253.0,249.0,234.0,247.0,253.0,253.0,65.0,83.0,253.0,253.0,253.0,253.0,253.0,189.0,253.0,253.0,205.0,179.0,253.0,253.0,65.0,85.0,234.0,253.0,253.0,253.0,253.0,157.0,26.0,164.0,151.0,83.0,179.0,253.0,253.0,65.0,65.0,237.0,253.0,253.0,253.0,67.0,36.0,14.0,15.0,12.0,179.0,253.0,253.0,65.0,4.0,141.0,253.0,253.0,221.0,158.0,23.0,179.0,253.0,253.0,65.0,129.0,253.0,253.0,241.0,62.0,72.0,226.0,253.0,175.0,24.0,119.0,247.0,253.0,253.0,206.0,8.0,134.0,253.0,253.0,130.0,132.0,253.0,253.0,194.0,27.0,125.0,253.0,253.0,253.0,130.0,45.0,213.0,253.0,253.0,112.0,70.0,170.0,247.0,253.0,253.0,89.0,43.0,67.0,253.0,253.0,196.0,55.0,9.0,8.0,131.0,253.0,253.0,253.0,86.0,1.0,67.0,253.0,253.0,253.0,253.0,129.0,43.0,114.0,134.0,253.0,253.0,231.0,139.0,41.0,20.0,167.0,253.0,253.0,253.0,247.0,179.0,179.0,179.0,206.0,253.0,253.0,253.0,253.0,72.0,103.0,240.0,253.0,253.0,253.0,253.0,253.0,253.0,253.0,253.0,244.0,119.0,8.0,1.0,107.0,253.0,253.0,253.0,253.0,253.0,253.0,253.0,175.0,111.0,3.0,121.0,253.0,253.0,253.0,253.0,253.0,182.0,24.0])) : score is 0.0, label is 0.0
whsh ---> for (1.0,(692,[155,156,157,158,159,183,184,185,186,187,211,212,213,214,215,239,240,241,242,243,265,266,267,268,269,270,271,293,294,295,296,297,321,322,323,324,325,349,350,351,352,353,377,378,379,380,381,405,406,407,408,409,432,433,434,435,436,437,460,461,462,463,464,465,487,488,489,490,491,492,515,516,517,518,519,542,543,544,545,546,547,570,571,572,573,574,597,598,599,600,601,602,625,626,627,628,629,653,654,655,656,657,681,682,683,684],[73.0,253.0,253.0,253.0,124.0,73.0,251.0,251.0,251.0,251.0,99.0,251.0,251.0,251.0,225.0,253.0,251.0,251.0,251.0,71.0,79.0,180.0,253.0,251.0,251.0,173.0,20.0,110.0,253.0,255.0,253.0,216.0,109.0,251.0,253.0,251.0,215.0,109.0,251.0,253.0,251.0,215.0,109.0,251.0,253.0,251.0,137.0,109.0,251.0,253.0,251.0,35.0,37.0,253.0,253.0,255.0,253.0,35.0,140.0,251.0,251.0,253.0,168.0,15.0,125.0,246.0,251.0,251.0,190.0,15.0,144.0,251.0,251.0,251.0,180.0,53.0,221.0,251.0,251.0,251.0,51.0,125.0,253.0,253.0,253.0,201.0,105.0,253.0,251.0,251.0,188.0,30.0,180.0,253.0,251.0,251.0,142.0,180.0,253.0,251.0,235.0,82.0,180.0,253.0,251.0,215.0])) : score is 1.0, label is 1.0
2016-12-06 10:34:15,897  INFO  org.apache.spark.executor.Executor - logInfo: Finished task 1.0 in stage 7.0 (TID 14). 2057 bytes result sent to driver
2016-12-06 10:34:15,897  INFO  org.apache.spark.executor.Executor - logInfo: Finished task 0.0 in stage 7.0 (TID 13). 2057 bytes result sent to driver
2016-12-06 10:34:15,903  INFO  org.apache.spark.scheduler.TaskSetManager - logInfo: Finished task 0.0 in stage 7.0 (TID 13) in 25 ms on localhost (1/2)
2016-12-06 10:34:15,903  INFO  org.apache.spark.scheduler.TaskSetManager - logInfo: Finished task 1.0 in stage 7.0 (TID 14) in 26 ms on localhost (2/2)
2016-12-06 10:34:15,904  INFO  org.apache.spark.scheduler.DAGScheduler - logInfo: ResultStage 7 (count at Classifier.java:58) finished in 0.027 s
2016-12-06 10:34:15,904  INFO  org.apache.spark.scheduler.TaskSchedulerImpl - logInfo: Removed TaskSet 7.0, whose tasks have all completed, from pool 
2016-12-06 10:34:15,904  INFO  org.apache.spark.scheduler.DAGScheduler - logInfo: Job 5 finished: count at Classifier.java:58, took 0.042837 s
2016-12-06 10:34:15,909  INFO  org.apache.spark.SparkContext - logInfo: Starting job: count at Classifier.java:58
2016-12-06 10:34:15,911  INFO  org.apache.spark.scheduler.DAGScheduler - logInfo: Got job 6 (count at Classifier.java:58) with 2 output partitions
2016-12-06 10:34:15,911  INFO  org.apache.spark.scheduler.DAGScheduler - logInfo: Final stage: ResultStage 8 (count at Classifier.java:58)
2016-12-06 10:34:15,911  INFO  org.apache.spark.scheduler.DAGScheduler - logInfo: Parents of final stage: List()
2016-12-06 10:34:15,912  INFO  org.apache.spark.scheduler.DAGScheduler - logInfo: Missing parents: List()
2016-12-06 10:34:15,913  INFO  org.apache.spark.scheduler.DAGScheduler - logInfo: Submitting ResultStage 8 (MapPartitionsRDD[8] at randomSplit at Classifier.java:28), which has no missing parents
2016-12-06 10:34:15,915  INFO  org.apache.spark.storage.MemoryStore - logInfo: Block broadcast_10 stored as values in memory (estimated size 4.0 KB, free 502.9 KB)
2016-12-06 10:34:15,921  INFO  org.apache.spark.storage.MemoryStore - logInfo: Block broadcast_10_piece0 stored as bytes in memory (estimated size 2.2 KB, free 505.1 KB)
2016-12-06 10:34:15,922  INFO  org.apache.spark.storage.BlockManagerInfo - logInfo: Added broadcast_10_piece0 in memory on localhost:4679 (size: 2.2 KB, free: 529.8 MB)
2016-12-06 10:34:15,923  INFO  org.apache.spark.SparkContext - logInfo: Created broadcast 10 from broadcast at DAGScheduler.scala:1006
2016-12-06 10:34:15,924  INFO  org.apache.spark.scheduler.DAGScheduler - logInfo: Submitting 2 missing tasks from ResultStage 8 (MapPartitionsRDD[8] at randomSplit at Classifier.java:28)
2016-12-06 10:34:15,924  INFO  org.apache.spark.scheduler.TaskSchedulerImpl - logInfo: Adding task set 8.0 with 2 tasks
2016-12-06 10:34:15,926  INFO  org.apache.spark.scheduler.TaskSetManager - logInfo: Starting task 0.0 in stage 8.0 (TID 15, localhost, partition 0,PROCESS_LOCAL, 2733 bytes)
2016-12-06 10:34:15,927  INFO  org.apache.spark.scheduler.TaskSetManager - logInfo: Starting task 1.0 in stage 8.0 (TID 16, localhost, partition 1,PROCESS_LOCAL, 2733 bytes)
2016-12-06 10:34:15,928  INFO  org.apache.spark.executor.Executor - logInfo: Running task 0.0 in stage 8.0 (TID 15)
2016-12-06 10:34:15,928  INFO  org.apache.spark.executor.Executor - logInfo: Running task 1.0 in stage 8.0 (TID 16)
2016-12-06 10:34:15,933  INFO  org.apache.spark.storage.BlockManager - logInfo: Found block rdd_4_1 locally
2016-12-06 10:34:15,934  INFO  org.apache.spark.storage.BlockManager - logInfo: Found block rdd_4_0 locally
2016-12-06 10:34:15,938  INFO  org.apache.spark.executor.Executor - logInfo: Finished task 1.0 in stage 8.0 (TID 16). 2057 bytes result sent to driver
2016-12-06 10:34:15,939  INFO  org.apache.spark.executor.Executor - logInfo: Finished task 0.0 in stage 8.0 (TID 15). 2057 bytes result sent to driver
2016-12-06 10:34:15,942  INFO  org.apache.spark.scheduler.TaskSetManager - logInfo: Finished task 1.0 in stage 8.0 (TID 16) in 16 ms on localhost (1/2)
2016-12-06 10:34:15,944  INFO  org.apache.spark.scheduler.DAGScheduler - logInfo: ResultStage 8 (count at Classifier.java:58) finished in 0.019 s
2016-12-06 10:34:15,944  INFO  org.apache.spark.scheduler.TaskSetManager - logInfo: Finished task 0.0 in stage 8.0 (TID 15) in 19 ms on localhost (2/2)
2016-12-06 10:34:15,944  INFO  org.apache.spark.scheduler.TaskSchedulerImpl - logInfo: Removed TaskSet 8.0, whose tasks have all completed, from pool 
2016-12-06 10:34:15,944  INFO  org.apache.spark.scheduler.DAGScheduler - logInfo: Job 6 finished: count at Classifier.java:58, took 0.035034 s
whsh ---> Test Error: 0.07407407407407407
whsh ---> Learned classification tree model:
DecisionTreeModel classifier of depth 1 with 3 nodes
  If (feature 406 <= 0.0)
   Predict: 0.0
  Else (feature 406 > 0.0)
   Predict: 1.0

2016-12-06 10:34:16,043  INFO  org.spark-project.jetty.server.handler.ContextHandler - doStop: stopped o.s.j.s.ServletContextHandler{/metrics/json,null}
2016-12-06 10:34:16,044  INFO  org.spark-project.jetty.server.handler.ContextHandler - doStop: stopped o.s.j.s.ServletContextHandler{/stages/stage/kill,null}
2016-12-06 10:34:16,044  INFO  org.spark-project.jetty.server.handler.ContextHandler - doStop: stopped o.s.j.s.ServletContextHandler{/api,null}
2016-12-06 10:34:16,045  INFO  org.spark-project.jetty.server.handler.ContextHandler - doStop: stopped o.s.j.s.ServletContextHandler{/,null}
2016-12-06 10:34:16,045  INFO  org.spark-project.jetty.server.handler.ContextHandler - doStop: stopped o.s.j.s.ServletContextHandler{/static,null}
2016-12-06 10:34:16,045  INFO  org.spark-project.jetty.server.handler.ContextHandler - doStop: stopped o.s.j.s.ServletContextHandler{/executors/threadDump/json,null}
2016-12-06 10:34:16,046  INFO  org.spark-project.jetty.server.handler.ContextHandler - doStop: stopped o.s.j.s.ServletContextHandler{/executors/threadDump,null}
2016-12-06 10:34:16,046  INFO  org.spark-project.jetty.server.handler.ContextHandler - doStop: stopped o.s.j.s.ServletContextHandler{/executors/json,null}
2016-12-06 10:34:16,046  INFO  org.spark-project.jetty.server.handler.ContextHandler - doStop: stopped o.s.j.s.ServletContextHandler{/executors,null}
2016-12-06 10:34:16,047  INFO  org.spark-project.jetty.server.handler.ContextHandler - doStop: stopped o.s.j.s.ServletContextHandler{/environment/json,null}
2016-12-06 10:34:16,047  INFO  org.spark-project.jetty.server.handler.ContextHandler - doStop: stopped o.s.j.s.ServletContextHandler{/environment,null}
2016-12-06 10:34:16,047  INFO  org.spark-project.jetty.server.handler.ContextHandler - doStop: stopped o.s.j.s.ServletContextHandler{/storage/rdd/json,null}
2016-12-06 10:34:16,048  INFO  org.spark-project.jetty.server.handler.ContextHandler - doStop: stopped o.s.j.s.ServletContextHandler{/storage/rdd,null}
2016-12-06 10:34:16,048  INFO  org.spark-project.jetty.server.handler.ContextHandler - doStop: stopped o.s.j.s.ServletContextHandler{/storage/json,null}
2016-12-06 10:34:16,048  INFO  org.spark-project.jetty.server.handler.ContextHandler - doStop: stopped o.s.j.s.ServletContextHandler{/storage,null}
2016-12-06 10:34:16,049  INFO  org.spark-project.jetty.server.handler.ContextHandler - doStop: stopped o.s.j.s.ServletContextHandler{/stages/pool/json,null}
2016-12-06 10:34:16,049  INFO  org.spark-project.jetty.server.handler.ContextHandler - doStop: stopped o.s.j.s.ServletContextHandler{/stages/pool,null}
2016-12-06 10:34:16,049  INFO  org.spark-project.jetty.server.handler.ContextHandler - doStop: stopped o.s.j.s.ServletContextHandler{/stages/stage/json,null}
2016-12-06 10:34:16,049  INFO  org.spark-project.jetty.server.handler.ContextHandler - doStop: stopped o.s.j.s.ServletContextHandler{/stages/stage,null}
2016-12-06 10:34:16,049  INFO  org.spark-project.jetty.server.handler.ContextHandler - doStop: stopped o.s.j.s.ServletContextHandler{/stages/json,null}
2016-12-06 10:34:16,050  INFO  org.spark-project.jetty.server.handler.ContextHandler - doStop: stopped o.s.j.s.ServletContextHandler{/stages,null}
2016-12-06 10:34:16,050  INFO  org.spark-project.jetty.server.handler.ContextHandler - doStop: stopped o.s.j.s.ServletContextHandler{/jobs/job/json,null}
2016-12-06 10:34:16,050  INFO  org.spark-project.jetty.server.handler.ContextHandler - doStop: stopped o.s.j.s.ServletContextHandler{/jobs/job,null}
2016-12-06 10:34:16,050  INFO  org.spark-project.jetty.server.handler.ContextHandler - doStop: stopped o.s.j.s.ServletContextHandler{/jobs/json,null}
2016-12-06 10:34:16,050  INFO  org.spark-project.jetty.server.handler.ContextHandler - doStop: stopped o.s.j.s.ServletContextHandler{/jobs,null}
2016-12-06 10:34:16,106  INFO  org.apache.spark.ui.SparkUI - logInfo: Stopped Spark web UI at http://172.31.18.13:4040
2016-12-06 10:34:16,265  INFO  org.apache.spark.MapOutputTrackerMasterEndpoint - logInfo: MapOutputTrackerMasterEndpoint stopped!
2016-12-06 10:34:16,279  INFO  org.apache.spark.storage.MemoryStore - logInfo: MemoryStore cleared
2016-12-06 10:34:16,280  INFO  org.apache.spark.storage.BlockManager - logInfo: BlockManager stopped
2016-12-06 10:34:16,281  INFO  org.apache.spark.storage.BlockManagerMaster - logInfo: BlockManagerMaster stopped
2016-12-06 10:34:16,284  INFO  org.apache.spark.scheduler.OutputCommitCoordinator$OutputCommitCoordinatorEndpoint - logInfo: OutputCommitCoordinator stopped!
2016-12-06 10:34:16,293  INFO  akka.remote.RemoteActorRefProvider$RemotingTerminator - apply$mcV$sp: Shutting down remote daemon.
2016-12-06 10:34:16,298  INFO  akka.remote.RemoteActorRefProvider$RemotingTerminator - apply$mcV$sp: Remote daemon shut down; proceeding with flushing remote transports.
2016-12-06 10:34:16,339  INFO  Remoting - apply$mcV$sp: Remoting shut down
2016-12-06 10:34:16,340  INFO  akka.remote.RemoteActorRefProvider$RemotingTerminator - apply$mcV$sp: Remoting shut down.
2016-12-06 10:34:16,343  INFO  org.apache.spark.SparkContext - logInfo: Successfully stopped SparkContext
2016-12-06 10:34:16,347  INFO  org.apache.spark.util.ShutdownHookManager - logInfo: Shutdown hook called
2016-12-06 10:34:16,349  INFO  org.apache.spark.util.ShutdownHookManager - logInfo: Deleting directory /tmp/spark-52e1db3e-014e-46a3-adcc-0aa1be61a96b
